#
# There is insufficient memory for the Java Runtime Environment to continue.
# Native memory allocation (malloc) failed to allocate 1580336 bytes for Chunk::new
# Possible reasons:
#   The system is out of physical RAM or swap space
#   The process is running with CompressedOops enabled, and the Java Heap may be blocking the growth of the native heap
# Possible solutions:
#   Reduce memory load on the system
#   Increase physical memory or swap space
#   Check if swap backing store is full
#   Decrease Java heap size (-Xmx/-Xms)
#   Decrease number of Java threads
#   Decrease Java thread stack sizes (-Xss)
#   Set larger code cache with -XX:ReservedCodeCacheSize=
#   JVM is running with Unscaled Compressed Oops mode in which the Java heap is
#     placed in the first 4GB address space. The Java Heap base address is the
#     maximum limit for the native heap growth. Please use -XX:HeapBaseMinAddress
#     to set the Java Heap base and to place the Java Heap above 4GB virtual address.
# This output file may be truncated or incomplete.
#
#  Out of Memory Error (./src/hotspot/share/memory/arena.cpp:197), pid=3872, tid=9000
#
# JRE version: OpenJDK Runtime Environment (11.0.10) (build 11.0.10+0-b96-7249189)
# Java VM: OpenJDK 64-Bit Server VM (11.0.10+0-b96-7249189, mixed mode, tiered, compressed oops, g1 gc, windows-amd64)
# No core dump will be written. Minidumps are not enabled by default on client versions of Windows
#

---------------  S U M M A R Y ------------

Command Line: --add-opens=java.base/java.util=ALL-UNNAMED --add-opens=java.base/java.lang=ALL-UNNAMED --add-opens=java.base/java.lang.invoke=ALL-UNNAMED --add-opens=java.base/java.util=ALL-UNNAMED --add-opens=java.prefs/java.util.prefs=ALL-UNNAMED --add-opens=java.prefs/java.util.prefs=ALL-UNNAMED --add-opens=java.base/java.nio.charset=ALL-UNNAMED --add-opens=java.base/java.net=ALL-UNNAMED --add-opens=java.base/java.util.concurrent.atomic=ALL-UNNAMED -Xmx2048m -Dfile.encoding=UTF-8 -Duser.country=US -Duser.language=en -Duser.variant org.gradle.launcher.daemon.bootstrap.GradleDaemon 7.0.2

Host: Intel(R) Core(TM) i5-1035G1 CPU @ 1.00GHz, 8 cores, 7G,  Windows 10 , 64 bit Build 19041 (10.0.19041.1151)
Time: Sun Sep 12 14:51:46 2021 Jerusalem Daylight Time elapsed time: 21.620902 seconds (0d 0h 0m 21s)

---------------  T H R E A D  ---------------

Current thread (0x0000020cd9baf000):  JavaThread "C2 CompilerThread0" daemon [_thread_in_native, id=9000, stack(0x000000af51800000,0x000000af51900000)]


Current CompileTask:
C2:  21620 13584       4       java.lang.reflect.Method::invoke (65 bytes)

Stack: [0x000000af51800000,0x000000af51900000]
Native frames: (J=compiled Java code, j=interpreted, Vv=VM code, C=native code)
V  [jvm.dll+0x5ecfaa]
V  [jvm.dll+0x722bd5]
V  [jvm.dll+0x72412d]
V  [jvm.dll+0x7247e3]
V  [jvm.dll+0x242928]
V  [jvm.dll+0xbc4fc]
V  [jvm.dll+0xbca0c]
V  [jvm.dll+0x352d3b]
V  [jvm.dll+0x320ad3]
V  [jvm.dll+0x31ffca]
V  [jvm.dll+0x1fb602]
V  [jvm.dll+0x1fa7f4]
V  [jvm.dll+0x18354c]
V  [jvm.dll+0x208ee7]
V  [jvm.dll+0x207731]
V  [jvm.dll+0x6eb1cf]
V  [jvm.dll+0x6e3d45]
V  [jvm.dll+0x5ebe96]
C  [ucrtbase.dll+0x21bb2]
C  [KERNEL32.DLL+0x17034]
C  [ntdll.dll+0x52651]


---------------  P R O C E S S  ---------------

Threads class SMR info:
_java_thread_list=0x0000020cde4687f0, length=68, elements={
0x0000020cbf72a800, 0x0000020cd9b90000, 0x0000020cd9b91800, 0x0000020cd9ba8000,
0x0000020cd9bab000, 0x0000020cd9bad800, 0x0000020cd9baf000, 0x0000020cd9bb4000,
0x0000020cd9bbe000, 0x0000020cda662800, 0x0000020cddd90000, 0x0000020cddaf3000,
0x0000020cda72f000, 0x0000020cdcafe800, 0x0000020cdbb89800, 0x0000020cdcbca800,
0x0000020cdcbcb800, 0x0000020cdccd8800, 0x0000020cdbe38800, 0x0000020cdcd68800,
0x0000020cdcd6a800, 0x0000020cdcd6b000, 0x0000020cdcd6d800, 0x0000020cdcd69800,
0x0000020cdcd6c000, 0x0000020cdcd6e800, 0x0000020cdcd6f000, 0x0000020cdcd6d000,
0x0000020ce0276000, 0x0000020ce0271800, 0x0000020ce0270800, 0x0000020ce0274800,
0x0000020ce0278000, 0x0000020ce0272000, 0x0000020ce027b000, 0x0000020ce027a800,
0x0000020ce027d000, 0x0000020ce027d800, 0x0000020ce027e800, 0x0000020ce0278800,
0x0000020ce027f000, 0x0000020ce0279800, 0x0000020ce027c000, 0x0000020cde3ac800,
0x0000020cde3ae800, 0x0000020cde3ad000, 0x0000020cde3af800, 0x0000020cde3ae000,
0x0000020cde3ab800, 0x0000020cde3aa800, 0x0000020cde3b0800, 0x0000020cde3b7000,
0x0000020cde3b3800, 0x0000020cde3b5800, 0x0000020cde3b4800, 0x0000020cde3b6000,
0x0000020cde3b1000, 0x0000020cde3b2000, 0x0000020cde3b7800, 0x0000020ce42ab800,
0x0000020ce42a9800, 0x0000020ce42ac000, 0x0000020ce42ad000, 0x0000020ce42aa800,
0x0000020ce42ae800, 0x0000020ce42a9000, 0x0000020ce42b1000, 0x0000020cdc5af800
}

Java Threads: ( => current thread )
  0x0000020cbf72a800 JavaThread "main" [_thread_blocked, id=12956, stack(0x000000af50c00000,0x000000af50d00000)]
  0x0000020cd9b90000 JavaThread "Reference Handler" daemon [_thread_blocked, id=9540, stack(0x000000af51300000,0x000000af51400000)]
  0x0000020cd9b91800 JavaThread "Finalizer" daemon [_thread_blocked, id=9668, stack(0x000000af51400000,0x000000af51500000)]
  0x0000020cd9ba8000 JavaThread "Signal Dispatcher" daemon [_thread_blocked, id=13588, stack(0x000000af51500000,0x000000af51600000)]
  0x0000020cd9bab000 JavaThread "Attach Listener" daemon [_thread_blocked, id=9964, stack(0x000000af51600000,0x000000af51700000)]
  0x0000020cd9bad800 JavaThread "Service Thread" daemon [_thread_blocked, id=13732, stack(0x000000af51700000,0x000000af51800000)]
=>0x0000020cd9baf000 JavaThread "C2 CompilerThread0" daemon [_thread_in_native, id=9000, stack(0x000000af51800000,0x000000af51900000)]
  0x0000020cd9bb4000 JavaThread "C1 CompilerThread0" daemon [_thread_blocked, id=6072, stack(0x000000af51900000,0x000000af51a00000)]
  0x0000020cd9bbe000 JavaThread "Sweeper thread" daemon [_thread_blocked, id=14444, stack(0x000000af51a00000,0x000000af51b00000)]
  0x0000020cda662800 JavaThread "Common-Cleaner" daemon [_thread_blocked, id=4160, stack(0x000000af51b00000,0x000000af51c00000)]
  0x0000020cddd90000 JavaThread "Daemon health stats" [_thread_blocked, id=14124, stack(0x000000af52100000,0x000000af52200000)]
  0x0000020cddaf3000 JavaThread "Incoming local TCP Connector on port 59848" [_thread_in_native, id=9652, stack(0x000000af51d00000,0x000000af51e00000)]
  0x0000020cda72f000 JavaThread "Daemon periodic checks" [_thread_blocked, id=576, stack(0x000000af52000000,0x000000af52100000)]
  0x0000020cdcafe800 JavaThread "Daemon" [_thread_blocked, id=2060, stack(0x000000af52200000,0x000000af52300000)]
  0x0000020cdbb89800 JavaThread "Handler for socket connection from /127.0.0.1:59848 to /127.0.0.1:59849" [_thread_in_native, id=12992, stack(0x000000af52300000,0x000000af52400000)]
  0x0000020cdcbca800 JavaThread "Cancel handler" [_thread_blocked, id=14412, stack(0x000000af52500000,0x000000af52600000)]
  0x0000020cdcbcb800 JavaThread "Daemon worker" [_thread_blocked, id=13028, stack(0x000000af52600000,0x000000af52700000)]
  0x0000020cdccd8800 JavaThread "Asynchronous log dispatcher for DefaultDaemonConnection: socket connection from /127.0.0.1:59848 to /127.0.0.1:59849" [_thread_blocked, id=5860, stack(0x000000af52700000,0x000000af52800000)]
  0x0000020cdbe38800 JavaThread "Stdin handler" [_thread_blocked, id=14568, stack(0x000000af52800000,0x000000af52900000)]
  0x0000020cdcd68800 JavaThread "Daemon client event forwarder" [_thread_blocked, id=7448, stack(0x000000af52900000,0x000000af52a00000)]
  0x0000020cdcd6a800 JavaThread "Cache worker for file hash cache (C:\Users\noam\.gradle\caches\7.0.2\fileHashes)" [_thread_blocked, id=10172, stack(0x000000af52400000,0x000000af52500000)]
  0x0000020cdcd6b000 JavaThread "File lock request listener" [_thread_in_native, id=1100, stack(0x000000af52f00000,0x000000af53000000)]
  0x0000020cdcd6d800 JavaThread "Cache worker for journal cache (C:\Users\noam\.gradle\caches\journal-1)" [_thread_blocked, id=1736, stack(0x000000af53100000,0x000000af53200000)]
  0x0000020cdcd69800 JavaThread "Cache worker for file hash cache (C:\Users\noam\OneDrive - Bar-Ilan University\Android\MyNewLibrary\.gradle\7.0.2\fileHashes)" [_thread_blocked, id=10412, stack(0x000000af53300000,0x000000af53400000)]
  0x0000020cdcd6c000 JavaThread "File watcher server" daemon [_thread_in_native, id=11648, stack(0x000000af53400000,0x000000af53500000)]
  0x0000020cdcd6e800 JavaThread "File watcher consumer" daemon [_thread_blocked, id=4688, stack(0x000000af53500000,0x000000af53600000)]
  0x0000020cdcd6f000 JavaThread "Cache worker for checksums cache (C:\Users\noam\OneDrive - Bar-Ilan University\Android\MyNewLibrary\.gradle\checksums)" [_thread_blocked, id=8212, stack(0x000000af53600000,0x000000af53700000)]
  0x0000020cdcd6d000 JavaThread "Cache worker for cache directory md-supplier (C:\Users\noam\.gradle\caches\7.0.2\md-supplier)" [_thread_blocked, id=8736, stack(0x000000af53700000,0x000000af53800000)]
  0x0000020ce0276000 JavaThread "Cache worker for cache directory md-rule (C:\Users\noam\.gradle\caches\7.0.2\md-rule)" [_thread_blocked, id=2680, stack(0x000000af53900000,0x000000af53a00000)]
  0x0000020ce0271800 JavaThread "Cache worker for execution history cache (C:\Users\noam\.gradle\caches\7.0.2\executionHistory)" [_thread_blocked, id=2032, stack(0x000000af53a00000,0x000000af53b00000)]
  0x0000020ce0270800 JavaThread "jar transforms" [_thread_blocked, id=13112, stack(0x000000af53b00000,0x000000af53c00000)]
  0x0000020ce0274800 JavaThread "jar transforms Thread 2" [_thread_blocked, id=14248, stack(0x000000af53c00000,0x000000af53d00000)]
  0x0000020ce0278000 JavaThread "Cache worker for file content cache (C:\Users\noam\.gradle\caches\7.0.2\fileContent)" [_thread_blocked, id=1556, stack(0x000000af53d00000,0x000000af53e00000)]
  0x0000020ce0272000 JavaThread "Cache worker for dependencies-accessors (C:\Users\noam\OneDrive - Bar-Ilan University\Android\MyNewLibrary\.gradle\7.0.2\dependencies-accessors)" [_thread_blocked, id=1748, stack(0x000000af53e00000,0x000000af53f00000)]
  0x0000020ce027b000 JavaThread "jar transforms Thread 3" [_thread_blocked, id=13512, stack(0x000000af53f00000,0x000000af54000000)]
  0x0000020ce027a800 JavaThread "Cache worker for Build Output Cleanup Cache (C:\Users\noam\OneDrive - Bar-Ilan University\Android\MyNewLibrary\.gradle\buildOutputCleanup)" [_thread_blocked, id=8472, stack(0x000000af54000000,0x000000af54100000)]
  0x0000020ce027d000 JavaThread "Build operations" [_thread_blocked, id=11140, stack(0x000000af54100000,0x000000af54200000)]
  0x0000020ce027d800 JavaThread "Build operations Thread 2" [_thread_blocked, id=7268, stack(0x000000af54200000,0x000000af54300000)]
  0x0000020ce027e800 JavaThread "Build operations Thread 3" [_thread_blocked, id=2976, stack(0x000000af54300000,0x000000af54400000)]
  0x0000020ce0278800 JavaThread "Build operations Thread 4" [_thread_blocked, id=12360, stack(0x000000af54400000,0x000000af54500000)]
  0x0000020ce027f000 JavaThread "Build operations Thread 5" [_thread_blocked, id=2804, stack(0x000000af54500000,0x000000af54600000)]
  0x0000020ce0279800 JavaThread "Build operations Thread 6" [_thread_blocked, id=12432, stack(0x000000af54600000,0x000000af54700000)]
  0x0000020ce027c000 JavaThread "Build operations Thread 7" [_thread_blocked, id=1288, stack(0x000000af54700000,0x000000af54800000)]
  0x0000020cde3ac800 JavaThread "Build operations Thread 8" [_thread_blocked, id=15028, stack(0x000000af54800000,0x000000af54900000)]
  0x0000020cde3ae800 JavaThread "jar transforms Thread 4" [_thread_blocked, id=12452, stack(0x000000af54900000,0x000000af54a00000)]
  0x0000020cde3ad000 JavaThread "jar transforms Thread 5" [_thread_blocked, id=13468, stack(0x000000af54a00000,0x000000af54b00000)]
  0x0000020cde3af800 JavaThread "jar transforms Thread 6" [_thread_blocked, id=7204, stack(0x000000af54b00000,0x000000af54c00000)]
  0x0000020cde3ae000 JavaThread "jar transforms Thread 7" [_thread_blocked, id=10456, stack(0x000000af54c00000,0x000000af54d00000)]
  0x0000020cde3ab800 JavaThread "jar transforms Thread 8" [_thread_blocked, id=14188, stack(0x000000af54d00000,0x000000af54e00000)]
  0x0000020cde3aa800 JavaThread "Memory manager" [_thread_blocked, id=9872, stack(0x000000af54e00000,0x000000af54f00000)]
  0x0000020cde3b0800 JavaThread "build event listener" [_thread_blocked, id=12944, stack(0x000000af54f00000,0x000000af55000000)]
  0x0000020cde3b7000 JavaThread "Execution worker for ':'" [_thread_blocked, id=13780, stack(0x000000af55000000,0x000000af55100000)]
  0x0000020cde3b3800 JavaThread "Execution worker for ':' Thread 2" [_thread_blocked, id=7708, stack(0x000000af55100000,0x000000af55200000)]
  0x0000020cde3b5800 JavaThread "Execution worker for ':' Thread 3" [_thread_blocked, id=14600, stack(0x000000af55200000,0x000000af55300000)]
  0x0000020cde3b4800 JavaThread "Execution worker for ':' Thread 4" [_thread_in_native, id=9336, stack(0x000000af55300000,0x000000af55400000)]
  0x0000020cde3b6000 JavaThread "Execution worker for ':' Thread 5" [_thread_blocked, id=4864, stack(0x000000af55400000,0x000000af55500000)]
  0x0000020cde3b1000 JavaThread "Execution worker for ':' Thread 6" [_thread_blocked, id=2212, stack(0x000000af55500000,0x000000af55600000)]
  0x0000020cde3b2000 JavaThread "Execution worker for ':' Thread 7" [_thread_blocked, id=8964, stack(0x000000af55600000,0x000000af55700000)]
  0x0000020cde3b7800 JavaThread "Cache worker for execution history cache (C:\Users\noam\OneDrive - Bar-Ilan University\Android\MyNewLibrary\.gradle\7.0.2\executionHistory)" [_thread_blocked, id=5496, stack(0x000000af55700000,0x000000af55800000)]
  0x0000020ce42ab800 JavaThread "WorkerExecutor Queue" [_thread_blocked, id=10304, stack(0x000000af55800000,0x000000af55900000)]
  0x0000020ce42a9800 JavaThread "WorkerExecutor Queue Thread 2" [_thread_blocked, id=9224, stack(0x000000af53800000,0x000000af53900000)]
  0x0000020ce42ac000 JavaThread "WorkerExecutor Queue Thread 3" [_thread_blocked, id=10852, stack(0x000000af55900000,0x000000af55a00000)]
  0x0000020ce42ad000 JavaThread "WorkerExecutor Queue Thread 4" [_thread_blocked, id=14192, stack(0x000000af55a00000,0x000000af55b00000)]
  0x0000020ce42aa800 JavaThread "WorkerExecutor Queue Thread 5" [_thread_blocked, id=15132, stack(0x000000af55b00000,0x000000af55c00000)]
  0x0000020ce42ae800 JavaThread "WorkerExecutor Queue Thread 6" [_thread_blocked, id=11592, stack(0x000000af55c00000,0x000000af55d00000)]
  0x0000020ce42a9000 JavaThread "WorkerExecutor Queue Thread 7" [_thread_blocked, id=13632, stack(0x000000af55d00000,0x000000af55e00000)]
  0x0000020ce42b1000 JavaThread "WorkerExecutor Queue Thread 8" [_thread_blocked, id=14140, stack(0x000000af55e00000,0x000000af55f00000)]
  0x0000020cdc5af800 JavaThread "C2 CompilerThread1" daemon [_thread_in_native, id=1756, stack(0x000000af53200000,0x000000af53300000)]

Other Threads:
  0x0000020cd9b89000 VMThread "VM Thread" [stack: 0x000000af51200000,0x000000af51300000] [id=9808]
  0x0000020cda68d800 WatcherThread [stack: 0x000000af51c00000,0x000000af51d00000] [id=9192]
  0x0000020cbf744800 GCTaskThread "GC Thread#0" [stack: 0x000000af50d00000,0x000000af50e00000] [id=15276]
  0x0000020cdab64000 GCTaskThread "GC Thread#1" [stack: 0x000000af51e00000,0x000000af51f00000] [id=8324]
  0x0000020cdb17b800 GCTaskThread "GC Thread#2" [stack: 0x000000af51f00000,0x000000af52000000] [id=12176]
  0x0000020cdc055800 GCTaskThread "GC Thread#3" [stack: 0x000000af52a00000,0x000000af52b00000] [id=14408]
  0x0000020cdbb01800 GCTaskThread "GC Thread#4" [stack: 0x000000af52b00000,0x000000af52c00000] [id=8332]
  0x0000020cdcce4000 GCTaskThread "GC Thread#5" [stack: 0x000000af52c00000,0x000000af52d00000] [id=6280]
  0x0000020cdd97e800 GCTaskThread "GC Thread#6" [stack: 0x000000af52d00000,0x000000af52e00000] [id=10024]
  0x0000020cdbd2f000 GCTaskThread "GC Thread#7" [stack: 0x000000af52e00000,0x000000af52f00000] [id=4216]
  0x0000020cbf774000 ConcurrentGCThread "G1 Main Marker" [stack: 0x000000af50e00000,0x000000af50f00000] [id=968]
  0x0000020cbf775800 ConcurrentGCThread "G1 Conc#0" [stack: 0x000000af50f00000,0x000000af51000000] [id=4992]
  0x0000020cdc810800 ConcurrentGCThread "G1 Conc#1" [stack: 0x000000af53000000,0x000000af53100000] [id=11480]
  0x0000020cd99e0800 ConcurrentGCThread "G1 Refine#0" [stack: 0x000000af51000000,0x000000af51100000] [id=12476]
  0x0000020cd99e1800 ConcurrentGCThread "G1 Young RemSet Sampling" [stack: 0x000000af51100000,0x000000af51200000] [id=9984]

Threads with active compile tasks:
C2 CompilerThread0  21647 13584       4       java.lang.reflect.Method::invoke (65 bytes)
C2 CompilerThread1  21647 13718       4       java.lang.reflect.AccessibleObject::checkAccess (40 bytes)

VM state:not at safepoint (normal execution)

VM Mutex/Monitor currently owned by a thread: None

Heap address: 0x0000000080000000, size: 2048 MB, Compressed Oops mode: 32-bit
Narrow klass base: 0x0000000000000000, Narrow klass shift: 3
Compressed class space size: 1073741824 Address: 0x0000000100000000

Heap:
 garbage-first heap   total 187392K, used 96050K [0x0000000080000000, 0x0000000100000000)
  region size 1024K, 9 young (9216K), 5 survivors (5120K)
 Metaspace       used 100619K, capacity 102840K, committed 103040K, reserved 1138688K
  class space    used 12548K, capacity 13359K, committed 13440K, reserved 1048576K
Heap Regions: E=young(eden), S=young(survivor), O=old, HS=humongous(starts), HC=humongous(continues), CS=collection set, F=free, A=archive, TAMS=top-at-mark-start (previous, next)
|   0|0x0000000080000000, 0x0000000080100000, 0x0000000080100000|100%| O|  |TAMS 0x0000000080100000, 0x0000000080000000| Untracked 
|   1|0x0000000080100000, 0x0000000080200000, 0x0000000080200000|100%| O|  |TAMS 0x0000000080200000, 0x0000000080100000| Untracked 
|   2|0x0000000080200000, 0x0000000080300000, 0x0000000080300000|100%| O|  |TAMS 0x0000000080300000, 0x0000000080200000| Untracked 
|   3|0x0000000080300000, 0x0000000080400000, 0x0000000080400000|100%|HS|  |TAMS 0x0000000080400000, 0x0000000080300000| Complete 
|   4|0x0000000080400000, 0x0000000080500000, 0x0000000080500000|100%|HC|  |TAMS 0x0000000080500000, 0x0000000080400000| Complete 
|   5|0x0000000080500000, 0x0000000080600000, 0x0000000080600000|100%|HC|  |TAMS 0x0000000080600000, 0x0000000080500000| Complete 
|   6|0x0000000080600000, 0x0000000080700000, 0x0000000080700000|100%| O|  |TAMS 0x0000000080700000, 0x0000000080600000| Untracked 
|   7|0x0000000080700000, 0x0000000080800000, 0x0000000080800000|100%| O|  |TAMS 0x0000000080800000, 0x0000000080700000| Untracked 
|   8|0x0000000080800000, 0x0000000080900000, 0x0000000080900000|100%| O|  |TAMS 0x0000000080900000, 0x0000000080800000| Complete 
|   9|0x0000000080900000, 0x0000000080a00000, 0x0000000080a00000|100%| O|  |TAMS 0x0000000080a00000, 0x0000000080900000| Untracked 
|  10|0x0000000080a00000, 0x0000000080b00000, 0x0000000080b00000|100%| O|  |TAMS 0x0000000080b00000, 0x0000000080a00000| Untracked 
|  11|0x0000000080b00000, 0x0000000080c00000, 0x0000000080c00000|100%| O|  |TAMS 0x0000000080c00000, 0x0000000080b00000| Untracked 
|  12|0x0000000080c00000, 0x0000000080d00000, 0x0000000080d00000|100%| O|  |TAMS 0x0000000080d00000, 0x0000000080c00000| Untracked 
|  13|0x0000000080d00000, 0x0000000080e00000, 0x0000000080e00000|100%| O|  |TAMS 0x0000000080e00000, 0x0000000080d00000| Untracked 
|  14|0x0000000080e00000, 0x0000000080f00000, 0x0000000080f00000|100%| O|  |TAMS 0x0000000080f00000, 0x0000000080e00000| Complete 
|  15|0x0000000080f00000, 0x0000000081000000, 0x0000000081000000|100%| O|  |TAMS 0x0000000081000000, 0x0000000080f00000| Untracked 
|  16|0x0000000081000000, 0x0000000081100000, 0x0000000081100000|100%| O|  |TAMS 0x0000000081100000, 0x0000000081000000| Untracked 
|  17|0x0000000081100000, 0x0000000081200000, 0x0000000081200000|100%| O|  |TAMS 0x0000000081200000, 0x0000000081100000| Untracked 
|  18|0x0000000081200000, 0x0000000081300000, 0x0000000081300000|100%|HS|  |TAMS 0x0000000081300000, 0x0000000081200000| Complete 
|  19|0x0000000081300000, 0x0000000081400000, 0x0000000081400000|100%| O|  |TAMS 0x0000000081400000, 0x0000000081300000| Untracked 
|  20|0x0000000081400000, 0x0000000081500000, 0x0000000081500000|100%| O|  |TAMS 0x0000000081500000, 0x0000000081400000| Untracked 
|  21|0x0000000081500000, 0x0000000081600000, 0x0000000081600000|100%| O|  |TAMS 0x0000000081600000, 0x0000000081500000| Untracked 
|  22|0x0000000081600000, 0x0000000081700000, 0x0000000081700000|100%| O|  |TAMS 0x0000000081700000, 0x0000000081600000| Untracked 
|  23|0x0000000081700000, 0x0000000081800000, 0x0000000081800000|100%| O|  |TAMS 0x0000000081800000, 0x0000000081700000| Untracked 
|  24|0x0000000081800000, 0x0000000081900000, 0x0000000081900000|100%| O|  |TAMS 0x0000000081900000, 0x0000000081800000| Untracked 
|  25|0x0000000081900000, 0x0000000081a00000, 0x0000000081a00000|100%| O|  |TAMS 0x0000000081a00000, 0x0000000081900000| Untracked 
|  26|0x0000000081a00000, 0x0000000081b00000, 0x0000000081b00000|100%| O|  |TAMS 0x0000000081b00000, 0x0000000081a00000| Untracked 
|  27|0x0000000081b00000, 0x0000000081c00000, 0x0000000081c00000|100%|HS|  |TAMS 0x0000000081c00000, 0x0000000081b00000| Complete 
|  28|0x0000000081c00000, 0x0000000081d00000, 0x0000000081d00000|100%|HS|  |TAMS 0x0000000081d00000, 0x0000000081c00000| Complete 
|  29|0x0000000081d00000, 0x0000000081e00000, 0x0000000081e00000|100%|HS|  |TAMS 0x0000000081e00000, 0x0000000081d00000| Complete 
|  30|0x0000000081e00000, 0x0000000081f00000, 0x0000000081f00000|100%|HC|  |TAMS 0x0000000081f00000, 0x0000000081e00000| Complete 
|  31|0x0000000081f00000, 0x0000000082000000, 0x0000000082000000|100%|HC|  |TAMS 0x0000000082000000, 0x0000000081f00000| Complete 
|  32|0x0000000082000000, 0x0000000082100000, 0x0000000082100000|100%|HS|  |TAMS 0x0000000082100000, 0x0000000082000000| Complete 
|  33|0x0000000082100000, 0x0000000082200000, 0x0000000082200000|100%|HC|  |TAMS 0x0000000082200000, 0x0000000082100000| Complete 
|  34|0x0000000082200000, 0x0000000082300000, 0x0000000082300000|100%| O|  |TAMS 0x0000000082300000, 0x0000000082200000| Untracked 
|  35|0x0000000082300000, 0x0000000082400000, 0x0000000082400000|100%| O|  |TAMS 0x0000000082400000, 0x0000000082300000| Complete 
|  36|0x0000000082400000, 0x0000000082500000, 0x0000000082500000|100%| O|  |TAMS 0x0000000082500000, 0x0000000082400000| Untracked 
|  37|0x0000000082500000, 0x0000000082600000, 0x0000000082600000|100%| O|  |TAMS 0x0000000082600000, 0x0000000082500000| Untracked 
|  38|0x0000000082600000, 0x0000000082700000, 0x0000000082700000|100%| O|  |TAMS 0x0000000082700000, 0x0000000082600000| Untracked 
|  39|0x0000000082700000, 0x0000000082800000, 0x0000000082800000|100%| O|  |TAMS 0x0000000082800000, 0x0000000082700000| Untracked 
|  40|0x0000000082800000, 0x0000000082900000, 0x0000000082900000|100%| O|  |TAMS 0x0000000082900000, 0x0000000082800000| Untracked 
|  41|0x0000000082900000, 0x0000000082a00000, 0x0000000082a00000|100%| O|  |TAMS 0x0000000082a00000, 0x0000000082900000| Untracked 
|  42|0x0000000082a00000, 0x0000000082b00000, 0x0000000082b00000|100%| O|  |TAMS 0x0000000082b00000, 0x0000000082a00000| Untracked 
|  43|0x0000000082b00000, 0x0000000082c00000, 0x0000000082c00000|100%| O|  |TAMS 0x0000000082c00000, 0x0000000082b00000| Untracked 
|  44|0x0000000082c00000, 0x0000000082d00000, 0x0000000082d00000|100%| O|  |TAMS 0x0000000082d00000, 0x0000000082c00000| Untracked 
|  45|0x0000000082d00000, 0x0000000082e00000, 0x0000000082e00000|100%| O|  |TAMS 0x0000000082e00000, 0x0000000082d00000| Complete 
|  46|0x0000000082e00000, 0x0000000082f00000, 0x0000000082f00000|100%| O|  |TAMS 0x0000000082f00000, 0x0000000082e00000| Untracked 
|  47|0x0000000082f00000, 0x0000000083000000, 0x0000000083000000|100%| O|  |TAMS 0x0000000083000000, 0x0000000082f00000| Untracked 
|  48|0x0000000083000000, 0x0000000083100000, 0x0000000083100000|100%| O|  |TAMS 0x0000000083100000, 0x0000000083000000| Complete 
|  49|0x0000000083100000, 0x0000000083200000, 0x0000000083200000|100%| O|  |TAMS 0x0000000083200000, 0x0000000083100000| Untracked 
|  50|0x0000000083200000, 0x0000000083300000, 0x0000000083300000|100%| O|  |TAMS 0x0000000083300000, 0x0000000083200000| Untracked 
|  51|0x0000000083300000, 0x0000000083400000, 0x0000000083400000|100%| O|  |TAMS 0x0000000083400000, 0x0000000083300000| Untracked 
|  52|0x0000000083400000, 0x0000000083500000, 0x0000000083500000|100%| O|  |TAMS 0x0000000083500000, 0x0000000083400000| Untracked 
|  53|0x0000000083500000, 0x0000000083600000, 0x0000000083600000|100%| O|  |TAMS 0x0000000083600000, 0x0000000083500000| Untracked 
|  54|0x0000000083600000, 0x0000000083700000, 0x0000000083700000|100%| O|  |TAMS 0x0000000083700000, 0x0000000083600000| Untracked 
|  55|0x0000000083700000, 0x0000000083800000, 0x0000000083800000|100%| O|  |TAMS 0x0000000083800000, 0x0000000083700000| Untracked 
|  56|0x0000000083800000, 0x0000000083900000, 0x0000000083900000|100%| O|  |TAMS 0x0000000083900000, 0x0000000083800000| Untracked 
|  57|0x0000000083900000, 0x0000000083a00000, 0x0000000083a00000|100%| O|  |TAMS 0x0000000083a00000, 0x0000000083900000| Untracked 
|  58|0x0000000083a00000, 0x0000000083b00000, 0x0000000083b00000|100%| O|  |TAMS 0x0000000083b00000, 0x0000000083a00000| Untracked 
|  59|0x0000000083b00000, 0x0000000083c00000, 0x0000000083c00000|100%| O|  |TAMS 0x0000000083c00000, 0x0000000083b00000| Untracked 
|  60|0x0000000083c00000, 0x0000000083d00000, 0x0000000083d00000|100%| O|  |TAMS 0x0000000083d00000, 0x0000000083c00000| Untracked 
|  61|0x0000000083d00000, 0x0000000083e00000, 0x0000000083e00000|100%| O|  |TAMS 0x0000000083e00000, 0x0000000083d00000| Untracked 
|  62|0x0000000083e00000, 0x0000000083f00000, 0x0000000083f00000|100%| O|  |TAMS 0x0000000083f00000, 0x0000000083e00000| Untracked 
|  63|0x0000000083f00000, 0x0000000084000000, 0x0000000084000000|100%| O|  |TAMS 0x0000000084000000, 0x0000000083f00000| Untracked 
|  64|0x0000000084000000, 0x0000000084100000, 0x0000000084100000|100%| O|  |TAMS 0x0000000084100000, 0x0000000084000000| Complete 
|  65|0x0000000084100000, 0x0000000084200000, 0x0000000084200000|100%| O|  |TAMS 0x0000000084200000, 0x0000000084100000| Untracked 
|  66|0x0000000084200000, 0x0000000084300000, 0x0000000084300000|100%| O|  |TAMS 0x0000000084300000, 0x0000000084200000| Complete 
|  67|0x0000000084300000, 0x0000000084400000, 0x0000000084400000|100%| O|  |TAMS 0x0000000084400000, 0x0000000084300000| Complete 
|  68|0x0000000084400000, 0x0000000084500000, 0x0000000084500000|100%| O|  |TAMS 0x0000000084500000, 0x0000000084400000| Complete 
|  69|0x0000000084500000, 0x0000000084500000, 0x0000000084600000|  0%| F|  |TAMS 0x0000000084500000, 0x0000000084500000| Untracked 
|  70|0x0000000084600000, 0x0000000084700000, 0x0000000084700000|100%| O|  |TAMS 0x0000000084700000, 0x0000000084600000| Complete 
|  71|0x0000000084700000, 0x0000000084800000, 0x0000000084800000|100%| O|  |TAMS 0x0000000084800000, 0x0000000084700000| Untracked 
|  72|0x0000000084800000, 0x0000000084900000, 0x0000000084900000|100%| O|  |TAMS 0x0000000084900000, 0x0000000084800000| Untracked 
|  73|0x0000000084900000, 0x0000000084a00000, 0x0000000084a00000|100%| O|  |TAMS 0x0000000084a00000, 0x0000000084900000| Untracked 
|  74|0x0000000084a00000, 0x0000000084b00000, 0x0000000084b00000|100%| O|  |TAMS 0x0000000084b00000, 0x0000000084a00000| Complete 
|  75|0x0000000084b00000, 0x0000000084b00000, 0x0000000084c00000|  0%| F|  |TAMS 0x0000000084b00000, 0x0000000084b00000| Untracked 
|  76|0x0000000084c00000, 0x0000000084c00000, 0x0000000084d00000|  0%| F|  |TAMS 0x0000000084c00000, 0x0000000084c00000| Untracked 
|  77|0x0000000084d00000, 0x0000000084e00000, 0x0000000084e00000|100%| O|  |TAMS 0x0000000084e00000, 0x0000000084d00000| Untracked 
|  78|0x0000000084e00000, 0x0000000084f00000, 0x0000000084f00000|100%| O|  |TAMS 0x0000000084f00000, 0x0000000084e00000| Complete 
|  79|0x0000000084f00000, 0x0000000085000000, 0x0000000085000000|100%| O|  |TAMS 0x0000000085000000, 0x0000000084f00000| Complete 
|  80|0x0000000085000000, 0x0000000085100000, 0x0000000085100000|100%| O|  |TAMS 0x0000000085100000, 0x0000000085000000| Complete 
|  81|0x0000000085100000, 0x0000000085100000, 0x0000000085200000|  0%| F|  |TAMS 0x0000000085100000, 0x0000000085100000| Untracked 
|  82|0x0000000085200000, 0x000000008525e800, 0x0000000085300000| 36%| O|  |TAMS 0x000000008525e800, 0x0000000085200000| Untracked 
|  83|0x0000000085300000, 0x0000000085300000, 0x0000000085400000|  0%| F|  |TAMS 0x0000000085300000, 0x0000000085300000| Untracked 
|  84|0x0000000085400000, 0x0000000085400000, 0x0000000085500000|  0%| F|  |TAMS 0x0000000085400000, 0x0000000085400000| Untracked 
|  85|0x0000000085500000, 0x0000000085500000, 0x0000000085600000|  0%| F|  |TAMS 0x0000000085500000, 0x0000000085500000| Untracked 
|  86|0x0000000085600000, 0x0000000085600000, 0x0000000085700000|  0%| F|  |TAMS 0x0000000085600000, 0x0000000085600000| Untracked 
|  87|0x0000000085700000, 0x0000000085700000, 0x0000000085800000|  0%| F|  |TAMS 0x0000000085700000, 0x0000000085700000| Untracked 
|  88|0x0000000085800000, 0x0000000085800000, 0x0000000085900000|  0%| F|  |TAMS 0x0000000085800000, 0x0000000085800000| Untracked 
|  89|0x0000000085900000, 0x0000000085900000, 0x0000000085a00000|  0%| F|  |TAMS 0x0000000085900000, 0x0000000085900000| Untracked 
|  90|0x0000000085a00000, 0x0000000085a00000, 0x0000000085b00000|  0%| F|  |TAMS 0x0000000085a00000, 0x0000000085a00000| Untracked 
|  91|0x0000000085b00000, 0x0000000085b00000, 0x0000000085c00000|  0%| F|  |TAMS 0x0000000085b00000, 0x0000000085b00000| Untracked 
|  92|0x0000000085c00000, 0x0000000085d00000, 0x0000000085d00000|100%| O|  |TAMS 0x0000000085d00000, 0x0000000085c00000| Complete 
|  93|0x0000000085d00000, 0x0000000085e00000, 0x0000000085e00000|100%| O|  |TAMS 0x0000000085e00000, 0x0000000085d00000| Complete 
|  94|0x0000000085e00000, 0x0000000085f00000, 0x0000000085f00000|100%| O|  |TAMS 0x0000000085f00000, 0x0000000085e00000| Complete 
|  95|0x0000000085f00000, 0x0000000085f00000, 0x0000000086000000|  0%| F|  |TAMS 0x0000000085f00000, 0x0000000085f00000| Untracked 
|  96|0x0000000086000000, 0x0000000086000000, 0x0000000086100000|  0%| F|  |TAMS 0x0000000086000000, 0x0000000086000000| Untracked 
|  97|0x0000000086100000, 0x0000000086200000, 0x0000000086200000|100%| O|  |TAMS 0x0000000086200000, 0x0000000086100000| Complete 
|  98|0x0000000086200000, 0x0000000086300000, 0x0000000086300000|100%| O|  |TAMS 0x0000000086300000, 0x0000000086200000| Complete 
|  99|0x0000000086300000, 0x0000000086400000, 0x0000000086400000|100%| O|  |TAMS 0x0000000086400000, 0x0000000086300000| Complete 
| 100|0x0000000086400000, 0x0000000086500000, 0x0000000086500000|100%| O|  |TAMS 0x0000000086500000, 0x0000000086400000| Complete 
| 101|0x0000000086500000, 0x0000000086600000, 0x0000000086600000|100%| O|  |TAMS 0x0000000086600000, 0x0000000086500000| Complete 
| 102|0x0000000086600000, 0x0000000086600000, 0x0000000086700000|  0%| F|  |TAMS 0x0000000086600000, 0x0000000086600000| Untracked 
| 103|0x0000000086700000, 0x0000000086700000, 0x0000000086800000|  0%| F|  |TAMS 0x0000000086700000, 0x0000000086700000| Untracked 
| 104|0x0000000086800000, 0x0000000086800000, 0x0000000086900000|  0%| F|  |TAMS 0x0000000086800000, 0x0000000086800000| Untracked 
| 105|0x0000000086900000, 0x0000000086900000, 0x0000000086a00000|  0%| F|  |TAMS 0x0000000086900000, 0x0000000086900000| Untracked 
| 106|0x0000000086a00000, 0x0000000086a00000, 0x0000000086b00000|  0%| F|  |TAMS 0x0000000086a00000, 0x0000000086a00000| Untracked 
| 107|0x0000000086b00000, 0x0000000086b00000, 0x0000000086c00000|  0%| F|  |TAMS 0x0000000086b00000, 0x0000000086b00000| Untracked 
| 108|0x0000000086c00000, 0x0000000086c00000, 0x0000000086d00000|  0%| F|  |TAMS 0x0000000086c00000, 0x0000000086c00000| Untracked 
| 109|0x0000000086d00000, 0x0000000086d00000, 0x0000000086e00000|  0%| F|  |TAMS 0x0000000086d00000, 0x0000000086d00000| Untracked 
| 110|0x0000000086e00000, 0x0000000086e00000, 0x0000000086f00000|  0%| F|  |TAMS 0x0000000086e00000, 0x0000000086e00000| Untracked 
| 111|0x0000000086f00000, 0x0000000086f00000, 0x0000000087000000|  0%| F|  |TAMS 0x0000000086f00000, 0x0000000086f00000| Untracked 
| 112|0x0000000087000000, 0x0000000087000000, 0x0000000087100000|  0%| F|  |TAMS 0x0000000087000000, 0x0000000087000000| Untracked 
| 113|0x0000000087100000, 0x0000000087100000, 0x0000000087200000|  0%| F|  |TAMS 0x0000000087100000, 0x0000000087100000| Untracked 
| 114|0x0000000087200000, 0x0000000087200000, 0x0000000087300000|  0%| F|  |TAMS 0x0000000087200000, 0x0000000087200000| Untracked 
| 115|0x0000000087300000, 0x0000000087300000, 0x0000000087400000|  0%| F|  |TAMS 0x0000000087300000, 0x0000000087300000| Untracked 
| 116|0x0000000087400000, 0x0000000087400000, 0x0000000087500000|  0%| F|  |TAMS 0x0000000087400000, 0x0000000087400000| Untracked 
| 117|0x0000000087500000, 0x0000000087500000, 0x0000000087600000|  0%| F|  |TAMS 0x0000000087500000, 0x0000000087500000| Untracked 
| 118|0x0000000087600000, 0x0000000087600000, 0x0000000087700000|  0%| F|  |TAMS 0x0000000087600000, 0x0000000087600000| Untracked 
| 119|0x0000000087700000, 0x000000008776e010, 0x0000000087800000| 42%| S|CS|TAMS 0x0000000087700000, 0x0000000087700000| Complete 
| 120|0x0000000087800000, 0x0000000087900000, 0x0000000087900000|100%| S|CS|TAMS 0x0000000087800000, 0x0000000087800000| Complete 
| 121|0x0000000087900000, 0x0000000087a00000, 0x0000000087a00000|100%| S|CS|TAMS 0x0000000087900000, 0x0000000087900000| Complete 
| 122|0x0000000087a00000, 0x0000000087b00000, 0x0000000087b00000|100%| S|CS|TAMS 0x0000000087a00000, 0x0000000087a00000| Complete 
| 123|0x0000000087b00000, 0x0000000087b00000, 0x0000000087c00000|  0%| F|  |TAMS 0x0000000087b00000, 0x0000000087b00000| Untracked 
| 124|0x0000000087c00000, 0x0000000087c00000, 0x0000000087d00000|  0%| F|  |TAMS 0x0000000087c00000, 0x0000000087c00000| Untracked 
| 125|0x0000000087d00000, 0x0000000087d00000, 0x0000000087e00000|  0%| F|  |TAMS 0x0000000087d00000, 0x0000000087d00000| Untracked 
| 126|0x0000000087e00000, 0x0000000087e00000, 0x0000000087f00000|  0%| F|  |TAMS 0x0000000087e00000, 0x0000000087e00000| Untracked 
| 127|0x0000000087f00000, 0x0000000088000000, 0x0000000088000000|100%| S|CS|TAMS 0x0000000087f00000, 0x0000000087f00000| Complete 
| 128|0x0000000088000000, 0x0000000088000000, 0x0000000088100000|  0%| F|  |TAMS 0x0000000088000000, 0x0000000088000000| Untracked 
| 129|0x0000000088100000, 0x0000000088100000, 0x0000000088200000|  0%| F|  |TAMS 0x0000000088100000, 0x0000000088100000| Untracked 
| 130|0x0000000088200000, 0x0000000088200000, 0x0000000088300000|  0%| F|  |TAMS 0x0000000088200000, 0x0000000088200000| Untracked 
| 131|0x0000000088300000, 0x0000000088300000, 0x0000000088400000|  0%| F|  |TAMS 0x0000000088300000, 0x0000000088300000| Untracked 
| 132|0x0000000088400000, 0x0000000088400000, 0x0000000088500000|  0%| F|  |TAMS 0x0000000088400000, 0x0000000088400000| Untracked 
| 133|0x0000000088500000, 0x0000000088500000, 0x0000000088600000|  0%| F|  |TAMS 0x0000000088500000, 0x0000000088500000| Untracked 
| 134|0x0000000088600000, 0x0000000088600000, 0x0000000088700000|  0%| F|  |TAMS 0x0000000088600000, 0x0000000088600000| Untracked 
| 135|0x0000000088700000, 0x0000000088700000, 0x0000000088800000|  0%| F|  |TAMS 0x0000000088700000, 0x0000000088700000| Untracked 
| 136|0x0000000088800000, 0x0000000088800000, 0x0000000088900000|  0%| F|  |TAMS 0x0000000088800000, 0x0000000088800000| Untracked 
| 137|0x0000000088900000, 0x0000000088900000, 0x0000000088a00000|  0%| F|  |TAMS 0x0000000088900000, 0x0000000088900000| Untracked 
| 138|0x0000000088a00000, 0x0000000088a00000, 0x0000000088b00000|  0%| F|  |TAMS 0x0000000088a00000, 0x0000000088a00000| Untracked 
| 139|0x0000000088b00000, 0x0000000088b00000, 0x0000000088c00000|  0%| F|  |TAMS 0x0000000088b00000, 0x0000000088b00000| Untracked 
| 140|0x0000000088c00000, 0x0000000088c00000, 0x0000000088d00000|  0%| F|  |TAMS 0x0000000088c00000, 0x0000000088c00000| Untracked 
| 141|0x0000000088d00000, 0x0000000088d00000, 0x0000000088e00000|  0%| F|  |TAMS 0x0000000088d00000, 0x0000000088d00000| Untracked 
| 142|0x0000000088e00000, 0x0000000088e00000, 0x0000000088f00000|  0%| F|  |TAMS 0x0000000088e00000, 0x0000000088e00000| Untracked 
| 143|0x0000000088f00000, 0x0000000088f00000, 0x0000000089000000|  0%| F|  |TAMS 0x0000000088f00000, 0x0000000088f00000| Untracked 
| 144|0x0000000089000000, 0x0000000089000000, 0x0000000089100000|  0%| F|  |TAMS 0x0000000089000000, 0x0000000089000000| Untracked 
| 145|0x0000000089100000, 0x0000000089100000, 0x0000000089200000|  0%| F|  |TAMS 0x0000000089100000, 0x0000000089100000| Untracked 
| 146|0x0000000089200000, 0x0000000089200000, 0x0000000089300000|  0%| F|  |TAMS 0x0000000089200000, 0x0000000089200000| Untracked 
| 147|0x0000000089300000, 0x0000000089300000, 0x0000000089400000|  0%| F|  |TAMS 0x0000000089300000, 0x0000000089300000| Untracked 
| 148|0x0000000089400000, 0x0000000089400000, 0x0000000089500000|  0%| F|  |TAMS 0x0000000089400000, 0x0000000089400000| Untracked 
| 149|0x0000000089500000, 0x0000000089500000, 0x0000000089600000|  0%| F|  |TAMS 0x0000000089500000, 0x0000000089500000| Untracked 
| 150|0x0000000089600000, 0x0000000089600000, 0x0000000089700000|  0%| F|  |TAMS 0x0000000089600000, 0x0000000089600000| Untracked 
| 151|0x0000000089700000, 0x0000000089700000, 0x0000000089800000|  0%| F|  |TAMS 0x0000000089700000, 0x0000000089700000| Untracked 
| 152|0x0000000089800000, 0x0000000089800000, 0x0000000089900000|  0%| F|  |TAMS 0x0000000089800000, 0x0000000089800000| Untracked 
| 153|0x0000000089900000, 0x0000000089900000, 0x0000000089a00000|  0%| F|  |TAMS 0x0000000089900000, 0x0000000089900000| Untracked 
| 154|0x0000000089a00000, 0x0000000089a00000, 0x0000000089b00000|  0%| F|  |TAMS 0x0000000089a00000, 0x0000000089a00000| Untracked 
| 155|0x0000000089b00000, 0x0000000089b00000, 0x0000000089c00000|  0%| F|  |TAMS 0x0000000089b00000, 0x0000000089b00000| Untracked 
| 156|0x0000000089c00000, 0x0000000089c00000, 0x0000000089d00000|  0%| F|  |TAMS 0x0000000089c00000, 0x0000000089c00000| Untracked 
| 157|0x0000000089d00000, 0x0000000089d00000, 0x0000000089e00000|  0%| F|  |TAMS 0x0000000089d00000, 0x0000000089d00000| Untracked 
| 158|0x0000000089e00000, 0x0000000089e00000, 0x0000000089f00000|  0%| F|  |TAMS 0x0000000089e00000, 0x0000000089e00000| Untracked 
| 159|0x0000000089f00000, 0x0000000089f00000, 0x000000008a000000|  0%| F|  |TAMS 0x0000000089f00000, 0x0000000089f00000| Untracked 
| 160|0x000000008a000000, 0x000000008a000000, 0x000000008a100000|  0%| F|  |TAMS 0x000000008a000000, 0x000000008a000000| Untracked 
| 161|0x000000008a100000, 0x000000008a100000, 0x000000008a200000|  0%| F|  |TAMS 0x000000008a100000, 0x000000008a100000| Untracked 
| 162|0x000000008a200000, 0x000000008a200000, 0x000000008a300000|  0%| F|  |TAMS 0x000000008a200000, 0x000000008a200000| Untracked 
| 163|0x000000008a300000, 0x000000008a300000, 0x000000008a400000|  0%| F|  |TAMS 0x000000008a300000, 0x000000008a300000| Untracked 
| 164|0x000000008a400000, 0x000000008a400000, 0x000000008a500000|  0%| F|  |TAMS 0x000000008a400000, 0x000000008a400000| Untracked 
| 165|0x000000008a500000, 0x000000008a500000, 0x000000008a600000|  0%| F|  |TAMS 0x000000008a500000, 0x000000008a500000| Untracked 
| 166|0x000000008a600000, 0x000000008a600000, 0x000000008a700000|  0%| F|  |TAMS 0x000000008a600000, 0x000000008a600000| Untracked 
| 167|0x000000008a700000, 0x000000008a700000, 0x000000008a800000|  0%| F|  |TAMS 0x000000008a700000, 0x000000008a700000| Untracked 
| 168|0x000000008a800000, 0x000000008a800000, 0x000000008a900000|  0%| F|  |TAMS 0x000000008a800000, 0x000000008a800000| Untracked 
| 169|0x000000008a900000, 0x000000008a900000, 0x000000008aa00000|  0%| F|  |TAMS 0x000000008a900000, 0x000000008a900000| Untracked 
| 170|0x000000008aa00000, 0x000000008aa00000, 0x000000008ab00000|  0%| F|  |TAMS 0x000000008aa00000, 0x000000008aa00000| Untracked 
| 171|0x000000008ab00000, 0x000000008ab00000, 0x000000008ac00000|  0%| F|  |TAMS 0x000000008ab00000, 0x000000008ab00000| Untracked 
| 172|0x000000008ac00000, 0x000000008ac00000, 0x000000008ad00000|  0%| F|  |TAMS 0x000000008ac00000, 0x000000008ac00000| Untracked 
| 173|0x000000008ad00000, 0x000000008ad00000, 0x000000008ae00000|  0%| F|  |TAMS 0x000000008ad00000, 0x000000008ad00000| Untracked 
| 174|0x000000008ae00000, 0x000000008ae00000, 0x000000008af00000|  0%| F|  |TAMS 0x000000008ae00000, 0x000000008ae00000| Untracked 
| 175|0x000000008af00000, 0x000000008af00000, 0x000000008b000000|  0%| F|  |TAMS 0x000000008af00000, 0x000000008af00000| Untracked 
| 176|0x000000008b000000, 0x000000008b000000, 0x000000008b100000|  0%| F|  |TAMS 0x000000008b000000, 0x000000008b000000| Untracked 
| 177|0x000000008b100000, 0x000000008b100000, 0x000000008b200000|  0%| F|  |TAMS 0x000000008b100000, 0x000000008b100000| Untracked 
| 178|0x000000008b200000, 0x000000008b200000, 0x000000008b300000|  0%| F|  |TAMS 0x000000008b200000, 0x000000008b200000| Untracked 
| 179|0x000000008b300000, 0x000000008b365fd0, 0x000000008b400000| 39%| E|  |TAMS 0x000000008b300000, 0x000000008b300000| Complete 
| 180|0x000000008b400000, 0x000000008b500000, 0x000000008b500000|100%| E|CS|TAMS 0x000000008b400000, 0x000000008b400000| Complete 
| 181|0x000000008b500000, 0x000000008b600000, 0x000000008b600000|100%| E|CS|TAMS 0x000000008b500000, 0x000000008b500000| Complete 
| 182|0x000000008b600000, 0x000000008b700000, 0x000000008b700000|100%| E|CS|TAMS 0x000000008b600000, 0x000000008b600000| Complete 

Card table byte_map: [0x0000020cd2950000,0x0000020cd2d50000] _byte_map_base: 0x0000020cd2550000

Marking Bits (Prev, Next): (CMBitMap*) 0x0000020cbf76b4c8, (CMBitMap*) 0x0000020cbf76b500
 Prev Bits: [0x0000020cd3150000, 0x0000020cd5150000)
 Next Bits: [0x0000020cd5150000, 0x0000020cd7150000)

Polling page: 0x0000020cbd6f0000

Metaspace:

Usage:
  Non-class:     87.38 MB capacity,    86.01 MB ( 98%) used,     1.12 MB (  1%) free+waste,   265.19 KB ( <1%) overhead. 
      Class:     13.05 MB capacity,    12.25 MB ( 94%) used,   694.62 KB (  5%) free+waste,   116.38 KB ( <1%) overhead. 
       Both:    100.43 MB capacity,    98.26 MB ( 98%) used,     1.79 MB (  2%) free+waste,   381.56 KB ( <1%) overhead. 

Virtual space:
  Non-class space:       88.00 MB reserved,      87.50 MB (>99%) committed 
      Class space:        1.00 GB reserved,      13.13 MB (  1%) committed 
             Both:        1.09 GB reserved,     100.63 MB (  9%) committed 

Chunk freelists:
   Non-Class:  55.00 KB
       Class:  81.00 KB
        Both:  136.00 KB

MaxMetaspaceSize: 17179869184.00 GB
CompressedClassSpaceSize: 1.00 GB

CodeHeap 'non-profiled nmethods': size=120000Kb used=9192Kb max_used=9192Kb free=110807Kb
 bounds [0x0000020ccacf0000, 0x0000020ccb5f0000, 0x0000020cd2220000]
CodeHeap 'profiled nmethods': size=120000Kb used=29667Kb max_used=29667Kb free=90332Kb
 bounds [0x0000020cc37c0000, 0x0000020cc54c0000, 0x0000020ccacf0000]
CodeHeap 'non-nmethods': size=5760Kb used=2315Kb max_used=2365Kb free=3445Kb
 bounds [0x0000020cc3220000, 0x0000020cc3490000, 0x0000020cc37c0000]
 total_blobs=14635 nmethods=13721 adapters=825
 compilation: enabled
              stopped_count=0, restarted_count=0
 full_count=0

Compilation events (20 events):
Event: 21.616 Thread 0x0000020cd9bb4000 13821       1       kotlin.reflect.jvm.internal.impl.name.Name::isSpecial (5 bytes)
Event: 21.616 Thread 0x0000020cd9bb4000 nmethod 13821 0x0000020ccb5e7d10 code [0x0000020ccb5e7ec0, 0x0000020ccb5e7f78]
Event: 21.616 Thread 0x0000020cd9bb4000 13822       1       kotlin.reflect.jvm.internal.KClassImpl::getData (5 bytes)
Event: 21.616 Thread 0x0000020cd9bb4000 nmethod 13822 0x0000020ccb5e8010 code [0x0000020ccb5e81c0, 0x0000020ccb5e8278]
Event: 21.616 Thread 0x0000020cd9bb4000 13823       1       kotlin.reflect.jvm.internal.impl.descriptors.impl.LazyPackageViewDescriptorImpl::getMemberScope (5 bytes)
Event: 21.616 Thread 0x0000020cd9bb4000 nmethod 13823 0x0000020ccb5e8310 code [0x0000020ccb5e84c0, 0x0000020ccb5e8578]
Event: 21.616 Thread 0x0000020cd9bb4000 13824       1       kotlin.reflect.jvm.internal.impl.load.java.lazy.JavaResolverComponents::getLookupTracker (5 bytes)
Event: 21.616 Thread 0x0000020cd9bb4000 nmethod 13824 0x0000020ccb5e8610 code [0x0000020ccb5e87c0, 0x0000020ccb5e8878]
Event: 21.616 Thread 0x0000020cd9bb4000 13825       1       kotlin.reflect.jvm.internal.impl.serialization.deserialization.DeserializationComponents::getLookupTracker (5 bytes)
Event: 21.616 Thread 0x0000020cd9bb4000 nmethod 13825 0x0000020ccb5e8910 code [0x0000020ccb5e8ac0, 0x0000020ccb5e8b78]
Event: 21.616 Thread 0x0000020cd9bb4000 13826       1       kotlin.reflect.jvm.internal.impl.serialization.deserialization.descriptors.DeserializedClassDescriptor::access$getEnumEntries$p (5 bytes)
Event: 21.616 Thread 0x0000020cd9bb4000 nmethod 13826 0x0000020ccb5e8c10 code [0x0000020ccb5e8dc0, 0x0000020ccb5e8e58]
Event: 21.616 Thread 0x0000020cd9bb4000 13827       1       kotlin.reflect.jvm.internal.impl.serialization.deserialization.descriptors.DeserializedClassDescriptor::access$getClassId$p (5 bytes)
Event: 21.617 Thread 0x0000020cd9bb4000 nmethod 13827 0x0000020ccb5e8f10 code [0x0000020ccb5e90c0, 0x0000020ccb5e9158]
Event: 21.617 Thread 0x0000020cd9bb4000 13828       1       kotlin.reflect.jvm.internal.impl.serialization.deserialization.descriptors.DeserializedClassDescriptor::getKind (5 bytes)
Event: 21.617 Thread 0x0000020cd9bb4000 nmethod 13828 0x0000020ccb5e9210 code [0x0000020ccb5e93c0, 0x0000020ccb5e9478]
Event: 21.617 Thread 0x0000020cd9bb4000 13829       3       jdk.internal.reflect.UnsafeStaticFieldAccessorImpl::<init> (17 bytes)
Event: 21.617 Thread 0x0000020cd9bb4000 nmethod 13829 0x0000020cc549cd10 code [0x0000020cc549cf00, 0x0000020cc549d248]
Event: 21.617 Thread 0x0000020cd9bb4000 13831       3       jdk.internal.misc.Unsafe::staticFieldBase (18 bytes)
Event: 21.617 Thread 0x0000020cd9bb4000 nmethod 13831 0x0000020cc549d390 code [0x0000020cc549d560, 0x0000020cc549d778]

GC Heap History (20 events):
Event: 16.866 GC heap before
{Heap before GC invocations=29 (full 0):
 garbage-first heap   total 187392K, used 105599K [0x0000000080000000, 0x0000000100000000)
  region size 1024K, 18 young (18432K), 6 survivors (6144K)
 Metaspace       used 87024K, capacity 89180K, committed 89472K, reserved 1126400K
  class space    used 11203K, capacity 12019K, committed 12160K, reserved 1048576K
}
Event: 16.873 GC heap after
{Heap after GC invocations=30 (full 0):
 garbage-first heap   total 187392K, used 97485K [0x0000000080000000, 0x0000000100000000)
  region size 1024K, 3 young (3072K), 3 survivors (3072K)
 Metaspace       used 87024K, capacity 89180K, committed 89472K, reserved 1126400K
  class space    used 11203K, capacity 12019K, committed 12160K, reserved 1048576K
}
Event: 17.804 GC heap before
{Heap before GC invocations=31 (full 0):
 garbage-first heap   total 187392K, used 141517K [0x0000000080000000, 0x0000000100000000)
  region size 1024K, 38 young (38912K), 3 survivors (3072K)
 Metaspace       used 88996K, capacity 91078K, committed 91776K, reserved 1128448K
  class space    used 11412K, capacity 12175K, committed 12416K, reserved 1048576K
}
Event: 17.810 GC heap after
{Heap after GC invocations=32 (full 0):
 garbage-first heap   total 187392K, used 99679K [0x0000000080000000, 0x0000000100000000)
  region size 1024K, 5 young (5120K), 5 survivors (5120K)
 Metaspace       used 88996K, capacity 91078K, committed 91776K, reserved 1128448K
  class space    used 11412K, capacity 12175K, committed 12416K, reserved 1048576K
}
Event: 18.042 GC heap before
{Heap before GC invocations=32 (full 0):
 garbage-first heap   total 187392K, used 137567K [0x0000000080000000, 0x0000000100000000)
  region size 1024K, 42 young (43008K), 5 survivors (5120K)
 Metaspace       used 89004K, capacity 91078K, committed 91776K, reserved 1128448K
  class space    used 11412K, capacity 12175K, committed 12416K, reserved 1048576K
}
Event: 18.047 GC heap after
{Heap after GC invocations=33 (full 0):
 garbage-first heap   total 187392K, used 100264K [0x0000000080000000, 0x0000000100000000)
  region size 1024K, 1 young (1024K), 1 survivors (1024K)
 Metaspace       used 89004K, capacity 91078K, committed 91776K, reserved 1128448K
  class space    used 11412K, capacity 12175K, committed 12416K, reserved 1048576K
}
Event: 18.270 GC heap before
{Heap before GC invocations=34 (full 0):
 garbage-first heap   total 187392K, used 120744K [0x0000000080000000, 0x0000000100000000)
  region size 1024K, 22 young (22528K), 1 survivors (1024K)
 Metaspace       used 89090K, capacity 91148K, committed 91776K, reserved 1128448K
  class space    used 11420K, capacity 12177K, committed 12416K, reserved 1048576K
}
Event: 18.280 GC heap after
{Heap after GC invocations=35 (full 0):
 garbage-first heap   total 187392K, used 103896K [0x0000000080000000, 0x0000000100000000)
  region size 1024K, 5 young (5120K), 5 survivors (5120K)
 Metaspace       used 89090K, capacity 91148K, committed 91776K, reserved 1128448K
  class space    used 11420K, capacity 12177K, committed 12416K, reserved 1048576K
}
Event: 18.837 GC heap before
{Heap before GC invocations=36 (full 0):
 garbage-first heap   total 187392K, used 157144K [0x0000000080000000, 0x0000000100000000)
  region size 1024K, 43 young (44032K), 5 survivors (5120K)
 Metaspace       used 92198K, capacity 94319K, committed 94848K, reserved 1132544K
  class space    used 11657K, capacity 12422K, committed 12672K, reserved 1048576K
}
Event: 18.840 GC heap after
{Heap after GC invocations=37 (full 0):
 garbage-first heap   total 187392K, used 104701K [0x0000000080000000, 0x0000000100000000)
  region size 1024K, 5 young (5120K), 5 survivors (5120K)
 Metaspace       used 92198K, capacity 94319K, committed 94848K, reserved 1132544K
  class space    used 11657K, capacity 12422K, committed 12672K, reserved 1048576K
}
Event: 19.057 GC heap before
{Heap before GC invocations=37 (full 0):
 garbage-first heap   total 187392K, used 144637K [0x0000000080000000, 0x0000000100000000)
  region size 1024K, 45 young (46080K), 5 survivors (5120K)
 Metaspace       used 93197K, capacity 95343K, committed 95872K, reserved 1132544K
  class space    used 11729K, capacity 12486K, committed 12672K, reserved 1048576K
}
Event: 19.070 GC heap after
{Heap after GC invocations=38 (full 0):
 garbage-first heap   total 187392K, used 106678K [0x0000000080000000, 0x0000000100000000)
  region size 1024K, 3 young (3072K), 3 survivors (3072K)
 Metaspace       used 93197K, capacity 95343K, committed 95872K, reserved 1132544K
  class space    used 11729K, capacity 12486K, committed 12672K, reserved 1048576K
}
Event: 19.484 GC heap before
{Heap before GC invocations=39 (full 0):
 garbage-first heap   total 187392K, used 139446K [0x0000000080000000, 0x0000000100000000)
  region size 1024K, 44 young (45056K), 3 survivors (3072K)
 Metaspace       used 94490K, capacity 96621K, committed 97024K, reserved 1134592K
  class space    used 11848K, capacity 12610K, committed 12800K, reserved 1048576K
}
Event: 19.488 GC heap after
{Heap after GC invocations=40 (full 0):
 garbage-first heap   total 187392K, used 97335K [0x0000000080000000, 0x0000000100000000)
  region size 1024K, 3 young (3072K), 3 survivors (3072K)
 Metaspace       used 94490K, capacity 96621K, committed 97024K, reserved 1134592K
  class space    used 11848K, capacity 12610K, committed 12800K, reserved 1048576K
}
Event: 19.622 GC heap before
{Heap before GC invocations=40 (full 0):
 garbage-first heap   total 187392K, used 102455K [0x0000000080000000, 0x0000000100000000)
  region size 1024K, 9 young (9216K), 3 survivors (3072K)
 Metaspace       used 94739K, capacity 96848K, committed 97280K, reserved 1134592K
  class space    used 11881K, capacity 12643K, committed 12800K, reserved 1048576K
}
Event: 19.625 GC heap after
{Heap after GC invocations=41 (full 0):
 garbage-first heap   total 187392K, used 89585K [0x0000000080000000, 0x0000000100000000)
  region size 1024K, 2 young (2048K), 2 survivors (2048K)
 Metaspace       used 94739K, capacity 96848K, committed 97280K, reserved 1134592K
  class space    used 11881K, capacity 12643K, committed 12800K, reserved 1048576K
}
Event: 20.782 GC heap before
{Heap before GC invocations=41 (full 0):
 garbage-first heap   total 187392K, used 143857K [0x0000000080000000, 0x0000000100000000)
  region size 1024K, 56 young (57344K), 2 survivors (2048K)
 Metaspace       used 97238K, capacity 99456K, committed 99584K, reserved 1136640K
  class space    used 12133K, capacity 12936K, committed 13056K, reserved 1048576K
}
Event: 20.788 GC heap after
{Heap after GC invocations=42 (full 0):
 garbage-first heap   total 187392K, used 91576K [0x0000000080000000, 0x0000000100000000)
  region size 1024K, 4 young (4096K), 4 survivors (4096K)
 Metaspace       used 97238K, capacity 99456K, committed 99584K, reserved 1136640K
  class space    used 12133K, capacity 12936K, committed 13056K, reserved 1048576K
}
Event: 21.551 GC heap before
{Heap before GC invocations=43 (full 0):
 garbage-first heap   total 187392K, used 146872K [0x0000000080000000, 0x0000000100000000)
  region size 1024K, 59 young (60416K), 4 survivors (4096K)
 Metaspace       used 100517K, capacity 102709K, committed 103040K, reserved 1138688K
  class space    used 12544K, capacity 13358K, committed 13440K, reserved 1048576K
}
Event: 21.557 GC heap after
{Heap after GC invocations=44 (full 0):
 garbage-first heap   total 187392K, used 92978K [0x0000000080000000, 0x0000000100000000)
  region size 1024K, 5 young (5120K), 5 survivors (5120K)
 Metaspace       used 100517K, capacity 102709K, committed 103040K, reserved 1138688K
  class space    used 12544K, capacity 13358K, committed 13440K, reserved 1048576K
}

Deoptimization events (20 events):
Event: 21.044 Thread 0x0000020cde3b2000 Uncommon trap: trap_request=0xffffffde fr.pc=0x0000020ccb495e84 relative=0x00000000000004a4
Event: 21.044 Thread 0x0000020cde3b2000 Uncommon trap: reason=class_check action=maybe_recompile pc=0x0000020ccb495e84 method=org.apache.xerces.dom.ParentNode.internalRemoveChild(Lorg/w3c/dom/Node;Z)Lorg/w3c/dom/Node; @ 42 c2
Event: 21.044 Thread 0x0000020cde3b2000 DEOPT PACKING pc=0x0000020ccb495e84 sp=0x000000af556fa270
Event: 21.044 Thread 0x0000020cde3b2000 DEOPT UNPACKING pc=0x0000020cc32283af sp=0x000000af556fa1b8 mode 2
Event: 21.066 Thread 0x0000020cde3b2000 DEOPT PACKING pc=0x0000020cc5251a3c sp=0x000000af556f9bc0
Event: 21.066 Thread 0x0000020cde3b2000 DEOPT UNPACKING pc=0x0000020cc3248ede sp=0x000000af556f9088 mode 0
Event: 21.071 Thread 0x0000020cde3b2000 DEOPT PACKING pc=0x0000020cc53bb8b7 sp=0x000000af556f9cb0
Event: 21.071 Thread 0x0000020cde3b2000 DEOPT UNPACKING pc=0x0000020cc3248ede sp=0x000000af556f9170 mode 0
Event: 21.094 Thread 0x0000020cde3b7800 Uncommon trap: trap_request=0xffffff4d fr.pc=0x0000020ccb2e94d8 relative=0x0000000000001418
Event: 21.094 Thread 0x0000020cde3b7800 Uncommon trap: reason=unstable_if action=reinterpret pc=0x0000020ccb2e94d8 method=com.google.common.collect.MapMakerInternalMap$Segment.getEntry(Ljava/lang/Object;I)Lcom/google/common/collect/MapMakerInternalMap$InternalEntry; @ 40 c2
Event: 21.094 Thread 0x0000020cde3b7800 DEOPT PACKING pc=0x0000020ccb2e94d8 sp=0x000000af557fda50
Event: 21.094 Thread 0x0000020cde3b7800 DEOPT UNPACKING pc=0x0000020cc32283af sp=0x000000af557fd8a0 mode 2
Event: 21.094 Thread 0x0000020cde3b7800 Uncommon trap: trap_request=0xffffff4d fr.pc=0x0000020ccb306e30 relative=0x0000000000001090
Event: 21.094 Thread 0x0000020cde3b7800 Uncommon trap: reason=unstable_if action=reinterpret pc=0x0000020ccb306e30 method=com.google.common.collect.MapMakerInternalMap$Segment.getEntry(Ljava/lang/Object;I)Lcom/google/common/collect/MapMakerInternalMap$InternalEntry; @ 40 c2
Event: 21.094 Thread 0x0000020cde3b7800 DEOPT PACKING pc=0x0000020ccb306e30 sp=0x000000af557fd960
Event: 21.094 Thread 0x0000020cde3b7800 DEOPT UNPACKING pc=0x0000020cc32283af sp=0x000000af557fd890 mode 2
Event: 21.208 Thread 0x0000020cde3b4800 Uncommon trap: trap_request=0xffffff4d fr.pc=0x0000020ccb490368 relative=0x0000000000000a68
Event: 21.208 Thread 0x0000020cde3b4800 Uncommon trap: reason=unstable_if action=reinterpret pc=0x0000020ccb490368 method=java.util.jar.JarFile.getVersionedEntry(Ljava/lang/String;Ljava/util/jar/JarEntry;)Ljava/util/jar/JarEntry; @ 7 c2
Event: 21.208 Thread 0x0000020cde3b4800 DEOPT PACKING pc=0x0000020ccb490368 sp=0x000000af553f68c0
Event: 21.208 Thread 0x0000020cde3b4800 DEOPT UNPACKING pc=0x0000020cc32283af sp=0x000000af553f68a0 mode 2

Classes redefined (0 events):
No events

Internal exceptions (20 events):
Event: 19.402 Thread 0x0000020cde3b3800 Exception <a 'sun/nio/fs/WindowsException'{0x0000000089090418}> (0x0000000089090418) thrown at [./src/hotspot/share/prims/jni.cpp, line 615]
Event: 19.493 Thread 0x0000020cde3b3800 Exception <a 'java/lang/ClassNotFoundException'{0x000000008b633cb0}: groovy/util/slurpersupport/NodeChildBeanInfo> (0x000000008b633cb0) thrown at [./src/hotspot/share/classfile/systemDictionary.cpp, line 231]
Event: 19.494 Thread 0x0000020cde3b3800 Exception <a 'java/lang/ClassNotFoundException'{0x000000008b64d118}: groovy/util/slurpersupport/GPathResultBeanInfo> (0x000000008b64d118) thrown at [./src/hotspot/share/classfile/systemDictionary.cpp, line 231]
Event: 19.494 Thread 0x0000020cde3b3800 Exception <a 'java/lang/ClassNotFoundException'{0x000000008b664698}: groovy/util/slurpersupport/GPathResultCustomizer> (0x000000008b664698) thrown at [./src/hotspot/share/classfile/systemDictionary.cpp, line 231]
Event: 19.500 Thread 0x0000020cde3b3800 Exception <a 'java/lang/ClassNotFoundException'{0x000000008b6911b8}: groovy/util/slurpersupport/NodeChildCustomizer> (0x000000008b6911b8) thrown at [./src/hotspot/share/classfile/systemDictionary.cpp, line 231]
Event: 19.513 Thread 0x0000020cde3b3800 Exception <a 'java/lang/ClassNotFoundException'{0x000000008b5b8ca0}: groovy/util/slurpersupport/AttributesBeanInfo> (0x000000008b5b8ca0) thrown at [./src/hotspot/share/classfile/systemDictionary.cpp, line 231]
Event: 19.513 Thread 0x0000020cde3b3800 Exception <a 'java/lang/ClassNotFoundException'{0x000000008b5cf258}: groovy/util/slurpersupport/NodeChildrenBeanInfo> (0x000000008b5cf258) thrown at [./src/hotspot/share/classfile/systemDictionary.cpp, line 231]
Event: 19.513 Thread 0x0000020cde3b3800 Exception <a 'java/lang/ClassNotFoundException'{0x000000008b5e7a00}: groovy/util/slurpersupport/NodeChildrenCustomizer> (0x000000008b5e7a00) thrown at [./src/hotspot/share/classfile/systemDictionary.cpp, line 231]
Event: 19.514 Thread 0x0000020cde3b3800 Exception <a 'java/lang/ClassNotFoundException'{0x000000008b405cb8}: groovy/util/slurpersupport/AttributesCustomizer> (0x000000008b405cb8) thrown at [./src/hotspot/share/classfile/systemDictionary.cpp, line 231]
Event: 19.519 Thread 0x0000020cde3b3800 Exception <a 'java/lang/ClassNotFoundException'{0x000000008b3064d8}: groovy/util/slurpersupport/AttributeBeanInfo> (0x000000008b3064d8) thrown at [./src/hotspot/share/classfile/systemDictionary.cpp, line 231]
Event: 19.519 Thread 0x0000020cde3b3800 Exception <a 'java/lang/ClassNotFoundException'{0x000000008b31c500}: groovy/util/slurpersupport/AttributeCustomizer> (0x000000008b31c500) thrown at [./src/hotspot/share/classfile/systemDictionary.cpp, line 231]
Event: 20.156 Thread 0x0000020cde3b3800 Exception <a 'java/lang/NoSuchMethodError'{0x0000000089bbda48}: <clinit>> (0x0000000089bbda48) thrown at [./src/hotspot/share/prims/jni.cpp, line 1362]
Event: 20.648 Thread 0x0000020cde3b2000 Exception <a 'sun/nio/fs/WindowsException'{0x0000000088288320}> (0x0000000088288320) thrown at [./src/hotspot/share/prims/jni.cpp, line 615]
Event: 20.648 Thread 0x0000020cde3b2000 Exception <a 'sun/nio/fs/WindowsException'{0x0000000088289470}> (0x0000000088289470) thrown at [./src/hotspot/share/prims/jni.cpp, line 615]
Event: 20.648 Thread 0x0000020cde3b2000 Exception <a 'sun/nio/fs/WindowsException'{0x00000000882897d0}> (0x00000000882897d0) thrown at [./src/hotspot/share/prims/jni.cpp, line 615]
Event: 20.648 Thread 0x0000020cde3b2000 Exception <a 'sun/nio/fs/WindowsException'{0x000000008828a690}> (0x000000008828a690) thrown at [./src/hotspot/share/prims/jni.cpp, line 615]
Event: 20.648 Thread 0x0000020cde3b2000 Exception <a 'sun/nio/fs/WindowsException'{0x000000008828a9d0}> (0x000000008828a9d0) thrown at [./src/hotspot/share/prims/jni.cpp, line 615]
Event: 20.648 Thread 0x0000020cde3b2000 Exception <a 'sun/nio/fs/WindowsException'{0x000000008828b880}> (0x000000008828b880) thrown at [./src/hotspot/share/prims/jni.cpp, line 615]
Event: 20.734 Thread 0x0000020cde3b2000 Implicit null exception at 0x0000020ccb3dc0de to 0x0000020ccb3dc224
Event: 21.017 Thread 0x0000020cde3b2000 Implicit null exception at 0x0000020ccb105e94 to 0x0000020ccb1064d8

Events (20 events):
Event: 21.461 loading class kotlin/reflect/jvm/internal/impl/serialization/deserialization/descriptors/DeserializedMemberScope$classifierNamesLazy$2 done
Event: 21.462 loading class kotlin/reflect/jvm/internal/impl/serialization/deserialization/descriptors/DeserializedClassDescriptor$DeserializedClassMemberScope$allDescriptors$1
Event: 21.462 loading class kotlin/reflect/jvm/internal/impl/serialization/deserialization/descriptors/DeserializedClassDescriptor$DeserializedClassMemberScope$allDescriptors$1 done
Event: 21.462 loading class kotlin/reflect/jvm/internal/impl/serialization/deserialization/descriptors/DeserializedClassDescriptor$DeserializedClassMemberScope$refinedSupertypes$1
Event: 21.462 loading class kotlin/reflect/jvm/internal/impl/serialization/deserialization/descriptors/DeserializedClassDescriptor$DeserializedClassMemberScope$refinedSupertypes$1 done
Event: 21.465 loading class com/android/build/api/artifact/SingleArtifact$PUBLIC_ANDROID_RESOURCES_LIST
Event: 21.465 loading class com/android/build/api/artifact/SingleArtifact$PUBLIC_ANDROID_RESOURCES_LIST done
Event: 21.466 loading class kotlin/reflect/jvm/internal/UtilKt
Event: 21.466 loading class kotlin/reflect/jvm/internal/UtilKt done
Event: 21.468 loading class kotlin/reflect/jvm/internal/impl/resolve/scopes/InnerClassesScopeWrapper
Event: 21.468 loading class kotlin/reflect/jvm/internal/impl/resolve/scopes/InnerClassesScopeWrapper done
Event: 21.471 loading class kotlin/reflect/jvm/internal/impl/serialization/deserialization/descriptors/NonEmptyDeserializedAnnotations
Event: 21.471 loading class kotlin/reflect/jvm/internal/impl/serialization/deserialization/descriptors/NonEmptyDeserializedAnnotations done
Event: 21.472 loading class kotlin/reflect/jvm/internal/impl/serialization/deserialization/descriptors/DeserializedClassDescriptor$annotations$1
Event: 21.472 loading class kotlin/reflect/jvm/internal/impl/serialization/deserialization/descriptors/DeserializedClassDescriptor$annotations$1 done
Event: 21.532 Thread 0x0000020cdc5af800 Thread added: 0x0000020cdc5af800
Event: 21.551 Executing VM operation: G1CollectForAllocation
Event: 21.557 Executing VM operation: G1CollectForAllocation done
Event: 21.599 loading class com/android/build/gradle/internal/scope/InternalArtifactType$MICRO_APK_MANIFEST_FILE
Event: 21.599 loading class com/android/build/gradle/internal/scope/InternalArtifactType$MICRO_APK_MANIFEST_FILE done


Dynamic libraries:
0x00007ff7fdda0000 - 0x00007ff7fddaa000 	C:\Program Files\Android\Android Studio\jre\bin\java.exe
0x00007ffdcbf70000 - 0x00007ffdcc165000 	C:\Windows\SYSTEM32\ntdll.dll
0x00007ffdcb9d0000 - 0x00007ffdcba8d000 	C:\Windows\System32\KERNEL32.DLL
0x00007ffdc9aa0000 - 0x00007ffdc9d69000 	C:\Windows\System32\KERNELBASE.dll
0x00007ffdc9870000 - 0x00007ffdc9970000 	C:\Windows\System32\ucrtbase.dll
0x00007ffdc1850000 - 0x00007ffdc1869000 	C:\Program Files\Android\Android Studio\jre\bin\jli.dll
0x00007ffdc05d0000 - 0x00007ffdc05e7000 	C:\Program Files\Android\Android Studio\jre\bin\VCRUNTIME140.dll
0x00007ffdcadf0000 - 0x00007ffdcaf90000 	C:\Windows\System32\USER32.dll
0x00007ffdc97e0000 - 0x00007ffdc9802000 	C:\Windows\System32\win32u.dll
0x00007ffdca670000 - 0x00007ffdca69a000 	C:\Windows\System32\GDI32.dll
0x00007ffdc96a0000 - 0x00007ffdc97ab000 	C:\Windows\System32\gdi32full.dll
0x00007ffdb48b0000 - 0x00007ffdb4b4a000 	C:\Windows\WinSxS\amd64_microsoft.windows.common-controls_6595b64144ccf1df_6.0.19041.1110_none_60b5254171f9507e\COMCTL32.dll
0x00007ffdc9a00000 - 0x00007ffdc9a9d000 	C:\Windows\System32\msvcp_win.dll
0x00007ffdcb8a0000 - 0x00007ffdcb93e000 	C:\Windows\System32\msvcrt.dll
0x00007ffdcb9a0000 - 0x00007ffdcb9d0000 	C:\Windows\System32\IMM32.DLL
0x00007ffdbddd0000 - 0x00007ffdbde6d000 	C:\Program Files\Android\Android Studio\jre\bin\msvcp140.dll
0x00007ffd72e60000 - 0x00007ffd7392f000 	C:\Program Files\Android\Android Studio\jre\bin\server\jvm.dll
0x00007ffdca820000 - 0x00007ffdca8cc000 	C:\Windows\System32\ADVAPI32.dll
0x00007ffdcb6d0000 - 0x00007ffdcb76b000 	C:\Windows\System32\sechost.dll
0x00007ffdcacc0000 - 0x00007ffdcadea000 	C:\Windows\System32\RPCRT4.dll
0x00007ffdc9fd0000 - 0x00007ffdc9fd8000 	C:\Windows\System32\PSAPI.DLL
0x00007ffdabac0000 - 0x00007ffdabac9000 	C:\Windows\SYSTEM32\WSOCK32.dll
0x00007ffdb7df0000 - 0x00007ffdb7dfa000 	C:\Windows\SYSTEM32\VERSION.dll
0x00007ffdafd10000 - 0x00007ffdafd37000 	C:\Windows\SYSTEM32\WINMM.dll
0x00007ffdca7b0000 - 0x00007ffdca81b000 	C:\Windows\System32\WS2_32.dll
0x00007ffdc7f30000 - 0x00007ffdc7f42000 	C:\Windows\SYSTEM32\kernel.appcore.dll
0x00007ffdbfd70000 - 0x00007ffdbfd81000 	C:\Program Files\Android\Android Studio\jre\bin\verify.dll
0x00007ffdc3890000 - 0x00007ffdc3a74000 	C:\Windows\SYSTEM32\DBGHELP.DLL
0x00007ffdaaa40000 - 0x00007ffdaaa6c000 	C:\Windows\SYSTEM32\dbgcore.DLL
0x00007ffdc9970000 - 0x00007ffdc99f3000 	C:\Windows\System32\bcryptPrimitives.dll
0x00007ffdbfd40000 - 0x00007ffdbfd69000 	C:\Program Files\Android\Android Studio\jre\bin\java.dll
0x00007ffdc2b10000 - 0x00007ffdc2b1b000 	C:\Program Files\Android\Android Studio\jre\bin\jimage.dll
0x00007ffdbfd20000 - 0x00007ffdbfd38000 	C:\Program Files\Android\Android Studio\jre\bin\zip.dll
0x00007ffdcaf90000 - 0x00007ffdcb6cf000 	C:\Windows\System32\SHELL32.dll
0x00007ffdc7450000 - 0x00007ffdc7be0000 	C:\Windows\SYSTEM32\windows.storage.dll
0x00007ffdca310000 - 0x00007ffdca665000 	C:\Windows\System32\combase.dll
0x00007ffdc9090000 - 0x00007ffdc90bc000 	C:\Windows\SYSTEM32\Wldp.dll
0x00007ffdcaa00000 - 0x00007ffdcaaae000 	C:\Windows\System32\SHCORE.dll
0x00007ffdcb940000 - 0x00007ffdcb995000 	C:\Windows\System32\shlwapi.dll
0x00007ffdc95e0000 - 0x00007ffdc95ff000 	C:\Windows\SYSTEM32\profapi.dll
0x00007ffdbfd00000 - 0x00007ffdbfd1a000 	C:\Program Files\Android\Android Studio\jre\bin\net.dll
0x00007ffdc0f40000 - 0x00007ffdc1048000 	C:\Windows\SYSTEM32\WINHTTP.dll
0x00007ffdc8d90000 - 0x00007ffdc8dfa000 	C:\Windows\system32\mswsock.dll
0x00007ffdbfce0000 - 0x00007ffdbfcf4000 	C:\Program Files\Android\Android Studio\jre\bin\nio.dll
0x00007ffdb6ab0000 - 0x00007ffdb6ad7000 	C:\Users\noam\.gradle\native\8bec1ad78214c89d9ad589b4d07fe93259594b29d510b10fafb7a158f7737e5d\windows-amd64\native-platform.dll
0x00007ffd9def0000 - 0x00007ffd9e02d000 	C:\Users\noam\.gradle\native\53dbd7edfb1c66fb8903c78663c9afc45aea4f116125fa6feffd364cf09443e8\windows-amd64\native-platform-file-events.dll
0x00007ffdc1820000 - 0x00007ffdc182a000 	C:\Program Files\Android\Android Studio\jre\bin\management.dll
0x00007ffdbfcd0000 - 0x00007ffdbfcdc000 	C:\Program Files\Android\Android Studio\jre\bin\management_ext.dll
0x00007ffdc8f80000 - 0x00007ffdc8f98000 	C:\Windows\SYSTEM32\CRYPTSP.dll
0x00007ffdc8710000 - 0x00007ffdc8744000 	C:\Windows\system32\rsaenh.dll
0x00007ffdc97b0000 - 0x00007ffdc97d7000 	C:\Windows\System32\bcrypt.dll
0x00007ffdc9560000 - 0x00007ffdc958e000 	C:\Windows\SYSTEM32\USERENV.dll
0x00007ffdc8fa0000 - 0x00007ffdc8fac000 	C:\Windows\SYSTEM32\CRYPTBASE.dll
0x00007ffdc8a80000 - 0x00007ffdc8abb000 	C:\Windows\SYSTEM32\IPHLPAPI.DLL
0x00007ffdca1f0000 - 0x00007ffdca1f8000 	C:\Windows\System32\NSI.dll
0x00007ffdbf8e0000 - 0x00007ffdbf8f7000 	C:\Windows\SYSTEM32\dhcpcsvc6.DLL
0x00007ffdbf8b0000 - 0x00007ffdbf8cd000 	C:\Windows\SYSTEM32\dhcpcsvc.DLL
0x00007ffdc8ac0000 - 0x00007ffdc8b8c000 	C:\Windows\SYSTEM32\DNSAPI.dll

dbghelp: loaded successfully - version: 4.0.5 - missing functions: none
symbol engine: initialized successfully - sym options: 0x614 - pdb path: .;C:\Program Files\Android\Android Studio\jre\bin;C:\Windows\SYSTEM32;C:\Windows\WinSxS\amd64_microsoft.windows.common-controls_6595b64144ccf1df_6.0.19041.1110_none_60b5254171f9507e;C:\Program Files\Android\Android Studio\jre\bin\server;C:\Users\noam\.gradle\native\8bec1ad78214c89d9ad589b4d07fe93259594b29d510b10fafb7a158f7737e5d\windows-amd64;C:\Users\noam\.gradle\native\53dbd7edfb1c66fb8903c78663c9afc45aea4f116125fa6feffd364cf09443e8\windows-amd64

VM Arguments:
jvm_args: --add-opens=java.base/java.util=ALL-UNNAMED --add-opens=java.base/java.lang=ALL-UNNAMED --add-opens=java.base/java.lang.invoke=ALL-UNNAMED --add-opens=java.base/java.util=ALL-UNNAMED --add-opens=java.prefs/java.util.prefs=ALL-UNNAMED --add-opens=java.prefs/java.util.prefs=ALL-UNNAMED --add-opens=java.base/java.nio.charset=ALL-UNNAMED --add-opens=java.base/java.net=ALL-UNNAMED --add-opens=java.base/java.util.concurrent.atomic=ALL-UNNAMED -Xmx2048m -Dfile.encoding=UTF-8 -Duser.country=US -Duser.language=en -Duser.variant 
java_command: org.gradle.launcher.daemon.bootstrap.GradleDaemon 7.0.2
java_class_path (initial): C:\Users\noam\.gradle\wrapper\dists\gradle-7.0.2-bin\857tjihv64xamwrf0h14cai3r\gradle-7.0.2\lib\gradle-launcher-7.0.2.jar
Launcher Type: SUN_STANDARD

[Global flags]
     intx CICompilerCount                          = 4                                         {product} {ergonomic}
     uint ConcGCThreads                            = 2                                         {product} {ergonomic}
     uint G1ConcRefinementThreads                  = 8                                         {product} {ergonomic}
   size_t G1HeapRegionSize                         = 1048576                                   {product} {ergonomic}
    uintx GCDrainStackTargetSize                   = 64                                        {product} {ergonomic}
   size_t InitialHeapSize                          = 132120576                                 {product} {ergonomic}
   size_t MarkStackSize                            = 4194304                                   {product} {ergonomic}
   size_t MaxHeapSize                              = 2147483648                                {product} {command line}
   size_t MaxNewSize                               = 1287651328                                {product} {ergonomic}
   size_t MinHeapDeltaBytes                        = 1048576                                   {product} {ergonomic}
    uintx NonNMethodCodeHeapSize                   = 5836300                                {pd product} {ergonomic}
    uintx NonProfiledCodeHeapSize                  = 122910970                              {pd product} {ergonomic}
    uintx ProfiledCodeHeapSize                     = 122910970                              {pd product} {ergonomic}
    uintx ReservedCodeCacheSize                    = 251658240                              {pd product} {ergonomic}
     bool SegmentedCodeCache                       = true                                      {product} {ergonomic}
     bool UseCompressedClassPointers               = true                                 {lp64_product} {ergonomic}
     bool UseCompressedOops                        = true                                 {lp64_product} {ergonomic}
     bool UseG1GC                                  = true                                      {product} {ergonomic}
     bool UseLargePagesIndividualAllocation        = false                                  {pd product} {ergonomic}

Logging:
Log output configuration:
 #0: stdout all=warning uptime,level,tags
 #1: stderr all=off uptime,level,tags

Environment Variables:
PATH=C:\Program Files\Common Files\Oracle\Java\javapath;C:\Windows\system32;C:\Windows;C:\Windows\System32\Wbem;C:\Windows\System32\WindowsPowerShell\v1.0\;C:\Windows\System32\OpenSSH\;C:\Users\noam\AppData\Local\Programs\Python;C:\Users\noam\AppData\Local\Microsoft\WindowsApps;C:\Program Files\JetBrains\IntelliJ IDEA 2021.1.1\bin;;C:\Users\noam\AppData\Local\JetBrains\PyCharm 2021.1.2\bin;;C:\Program Files\JetBrains\CLion 2021.1.2\bin;;
USERNAME=noam
OS=Windows_NT
PROCESSOR_IDENTIFIER=Intel64 Family 6 Model 126 Stepping 5, GenuineIntel



---------------  S Y S T E M  ---------------

OS: Windows 10 , 64 bit Build 19041 (10.0.19041.1151)
OS uptime: 0 days 15:20 hours

CPU:total 8 (initial active 8) (4 cores per cpu, 2 threads per core) family 6 model 126 stepping 5 microcode 0xa6, cmov, cx8, fxsr, mmx, sse, sse2, sse3, ssse3, sse4.1, sse4.2, popcnt, avx, avx2, aes, clmul, erms, 3dnowpref, lzcnt, ht, tsc, tscinvbit, bmi1, bmi2, adx, evex, sha, fma

Memory: 4k page, system-wide physical 7967M (410M free)
TotalPageFile size 10015M (AvailPageFile size 11M)
current process WorkingSet (physical memory assigned to process): 413M, peak: 466M
current process commit charge ("private bytes"): 510M, peak: 511M

vm_info: OpenJDK 64-Bit Server VM (11.0.10+0-b96-7249189) for windows-amd64 JRE (11.0.10+0-b96-7249189), built on Mar 31 2021 21:44:00 by "builder" with MS VC++ 14.0 (VS2015)

END.
