#
# There is insufficient memory for the Java Runtime Environment to continue.
# Native memory allocation (malloc) failed to allocate 1132496 bytes for Chunk::new
# Possible reasons:
#   The system is out of physical RAM or swap space
#   The process is running with CompressedOops enabled, and the Java Heap may be blocking the growth of the native heap
# Possible solutions:
#   Reduce memory load on the system
#   Increase physical memory or swap space
#   Check if swap backing store is full
#   Decrease Java heap size (-Xmx/-Xms)
#   Decrease number of Java threads
#   Decrease Java thread stack sizes (-Xss)
#   Set larger code cache with -XX:ReservedCodeCacheSize=
#   JVM is running with Unscaled Compressed Oops mode in which the Java heap is
#     placed in the first 4GB address space. The Java Heap base address is the
#     maximum limit for the native heap growth. Please use -XX:HeapBaseMinAddress
#     to set the Java Heap base and to place the Java Heap above 4GB virtual address.
# This output file may be truncated or incomplete.
#
#  Out of Memory Error (./src/hotspot/share/memory/arena.cpp:197), pid=12208, tid=10036
#
# JRE version: OpenJDK Runtime Environment (11.0.10) (build 11.0.10+0-b96-7249189)
# Java VM: OpenJDK 64-Bit Server VM (11.0.10+0-b96-7249189, mixed mode, tiered, compressed oops, g1 gc, windows-amd64)
# No core dump will be written. Minidumps are not enabled by default on client versions of Windows
#

---------------  S U M M A R Y ------------

Command Line: --add-opens=java.base/java.util=ALL-UNNAMED --add-opens=java.base/java.lang=ALL-UNNAMED --add-opens=java.base/java.lang.invoke=ALL-UNNAMED --add-opens=java.base/java.util=ALL-UNNAMED --add-opens=java.prefs/java.util.prefs=ALL-UNNAMED --add-opens=java.prefs/java.util.prefs=ALL-UNNAMED --add-opens=java.base/java.nio.charset=ALL-UNNAMED --add-opens=java.base/java.net=ALL-UNNAMED --add-opens=java.base/java.util.concurrent.atomic=ALL-UNNAMED -Xmx2048m -Dfile.encoding=UTF-8 -Duser.country=US -Duser.language=en -Duser.variant org.gradle.launcher.daemon.bootstrap.GradleDaemon 7.0.2

Host: Intel(R) Core(TM) i5-1035G1 CPU @ 1.00GHz, 8 cores, 7G,  Windows 10 , 64 bit Build 19041 (10.0.19041.1151)
Time: Sun Sep 12 14:50:48 2021 Jerusalem Daylight Time elapsed time: 1058.838380 seconds (0d 0h 17m 38s)

---------------  T H R E A D  ---------------

Current thread (0x0000026fea502000):  JavaThread "C2 CompilerThread0" daemon [_thread_in_native, id=10036, stack(0x00000085e8000000,0x00000085e8100000)]


Current CompileTask:
C2:1058838 17495       4       com.android.ide.common.blame.MergingLogPersistUtil::lambda$normalize$0 (107 bytes)

Stack: [0x00000085e8000000,0x00000085e8100000]
Native frames: (J=compiled Java code, j=interpreted, Vv=VM code, C=native code)
V  [jvm.dll+0x5ecfaa]
V  [jvm.dll+0x722bd5]
V  [jvm.dll+0x72412d]
V  [jvm.dll+0x7247e3]
V  [jvm.dll+0x242928]
V  [jvm.dll+0xbc4fc]
V  [jvm.dll+0xbca0c]
V  [jvm.dll+0x352d3b]
V  [jvm.dll+0x320ad3]
V  [jvm.dll+0x31ffca]
V  [jvm.dll+0x1fb602]
V  [jvm.dll+0x1fa7f4]
V  [jvm.dll+0x18354c]
V  [jvm.dll+0x208ee7]
V  [jvm.dll+0x207731]
V  [jvm.dll+0x6eb1cf]
V  [jvm.dll+0x6e3d45]
V  [jvm.dll+0x5ebe96]
C  [ucrtbase.dll+0x21bb2]
C  [KERNEL32.DLL+0x17034]
C  [ntdll.dll+0x52651]


---------------  P R O C E S S  ---------------

Threads class SMR info:
_java_thread_list=0x0000026ff602dc60, length=63, elements={
0x0000026fce0db800, 0x0000026fea4e5800, 0x0000026fea4ef000, 0x0000026fea4fc000,
0x0000026fea4ff000, 0x0000026fea500000, 0x0000026fea502000, 0x0000026fea507000,
0x0000026fea508000, 0x0000026feafd4800, 0x0000026fed3dc800, 0x0000026fecfc3000,
0x0000026fed14a800, 0x0000026fed1ac800, 0x0000026fed1af000, 0x0000026fed1ad800,
0x0000026fed1b1000, 0x0000026fed1b1800, 0x0000026fed1ac000, 0x0000026fed1b2800,
0x0000026fee438800, 0x0000026fee436000, 0x0000026fee436800, 0x0000026fee437800,
0x0000026fee439000, 0x0000026fee43a000, 0x0000026fee43c800, 0x0000026fee43d800,
0x0000026fecf7d000, 0x0000026fecf82000, 0x0000026fecf7d800, 0x0000026fecf80000,
0x0000026fecf81000, 0x0000026fecf82800, 0x0000026fecf83800, 0x0000026fecf7e800,
0x0000026fecf8b800, 0x0000026fecf8a000, 0x0000026fecf86000, 0x0000026fecf89000,
0x0000026fecf8b000, 0x0000026fecf86800, 0x0000026fee43b000, 0x0000026fee435000,
0x0000026fee441800, 0x0000026fee43b800, 0x0000026fee443000, 0x0000026fee444000,
0x0000026fee440800, 0x0000026fee442000, 0x0000026fed1ae800, 0x0000026fed1b0000,
0x0000026ff0d92800, 0x0000026ff0d8e000, 0x0000026ff0d8f000, 0x0000026ff0d8d800,
0x0000026ff0d93000, 0x0000026ff0d95000, 0x0000026ff0d95800, 0x0000026ff0d94000,
0x0000026ff0d97000, 0x0000026ff0d90000, 0x0000026ff0d96800
}

Java Threads: ( => current thread )
  0x0000026fce0db800 JavaThread "main" [_thread_blocked, id=8984, stack(0x00000085e7400000,0x00000085e7500000)]
  0x0000026fea4e5800 JavaThread "Reference Handler" daemon [_thread_blocked, id=11300, stack(0x00000085e7b00000,0x00000085e7c00000)]
  0x0000026fea4ef000 JavaThread "Finalizer" daemon [_thread_blocked, id=10452, stack(0x00000085e7c00000,0x00000085e7d00000)]
  0x0000026fea4fc000 JavaThread "Signal Dispatcher" daemon [_thread_blocked, id=10636, stack(0x00000085e7d00000,0x00000085e7e00000)]
  0x0000026fea4ff000 JavaThread "Attach Listener" daemon [_thread_blocked, id=7312, stack(0x00000085e7e00000,0x00000085e7f00000)]
  0x0000026fea500000 JavaThread "Service Thread" daemon [_thread_blocked, id=10368, stack(0x00000085e7f00000,0x00000085e8000000)]
=>0x0000026fea502000 JavaThread "C2 CompilerThread0" daemon [_thread_in_native, id=10036, stack(0x00000085e8000000,0x00000085e8100000)]
  0x0000026fea507000 JavaThread "C1 CompilerThread0" daemon [_thread_blocked, id=11196, stack(0x00000085e8100000,0x00000085e8200000)]
  0x0000026fea508000 JavaThread "Sweeper thread" daemon [_thread_in_vm, id=10396, stack(0x00000085e8200000,0x00000085e8300000)]
  0x0000026feafd4800 JavaThread "Common-Cleaner" daemon [_thread_blocked, id=2864, stack(0x00000085e8300000,0x00000085e8400000)]
  0x0000026fed3dc800 JavaThread "Daemon health stats" [_thread_blocked, id=4640, stack(0x00000085e8900000,0x00000085e8a00000)]
  0x0000026fecfc3000 JavaThread "Incoming local TCP Connector on port 61940" [_thread_in_native, id=7452, stack(0x00000085e8500000,0x00000085e8600000)]
  0x0000026fed14a800 JavaThread "Daemon periodic checks" [_thread_blocked, id=964, stack(0x00000085e8800000,0x00000085e8900000)]
  0x0000026fed1ac800 JavaThread "Cache worker for file hash cache (C:\Users\noam\.gradle\caches\7.0.2\fileHashes)" [_thread_blocked, id=1644, stack(0x00000085e9600000,0x00000085e9700000)]
  0x0000026fed1af000 JavaThread "File lock request listener" [_thread_in_native, id=8692, stack(0x00000085e9700000,0x00000085e9800000)]
  0x0000026fed1ad800 JavaThread "Cache worker for journal cache (C:\Users\noam\.gradle\caches\journal-1)" [_thread_blocked, id=14372, stack(0x00000085e9900000,0x00000085e9a00000)]
  0x0000026fed1b1000 JavaThread "File watcher server" daemon [_thread_in_native, id=6044, stack(0x00000085e9c00000,0x00000085e9d00000)]
  0x0000026fed1b1800 JavaThread "File watcher consumer" daemon [_thread_blocked, id=11516, stack(0x00000085e9d00000,0x00000085e9e00000)]
  0x0000026fed1ac000 JavaThread "jar transforms" [_thread_blocked, id=14264, stack(0x00000085e9e00000,0x00000085e9f00000)]
  0x0000026fed1b2800 JavaThread "jar transforms Thread 2" [_thread_blocked, id=13972, stack(0x00000085e9f00000,0x00000085ea000000)]
  0x0000026fee438800 JavaThread "jar transforms Thread 3" [_thread_blocked, id=11536, stack(0x00000085ea000000,0x00000085ea100000)]
  0x0000026fee436000 JavaThread "jar transforms Thread 4" [_thread_blocked, id=9112, stack(0x00000085ea100000,0x00000085ea200000)]
  0x0000026fee436800 JavaThread "jar transforms Thread 5" [_thread_blocked, id=13580, stack(0x00000085ea200000,0x00000085ea300000)]
  0x0000026fee437800 JavaThread "jar transforms Thread 6" [_thread_blocked, id=2036, stack(0x00000085ea300000,0x00000085ea400000)]
  0x0000026fee439000 JavaThread "jar transforms Thread 7" [_thread_blocked, id=2980, stack(0x00000085ea400000,0x00000085ea500000)]
  0x0000026fee43a000 JavaThread "jar transforms Thread 8" [_thread_blocked, id=3836, stack(0x00000085ea500000,0x00000085ea600000)]
  0x0000026fee43c800 JavaThread "Cache worker for execution history cache (C:\Users\noam\.gradle\caches\7.0.2\executionHistory)" [_thread_blocked, id=5084, stack(0x00000085ea900000,0x00000085eaa00000)]
  0x0000026fee43d800 JavaThread "Cache worker for file content cache (C:\Users\noam\.gradle\caches\7.0.2\fileContent)" [_thread_blocked, id=14976, stack(0x00000085eab00000,0x00000085eac00000)]
  0x0000026fecf7d000 JavaThread "Memory manager" [_thread_blocked, id=1484, stack(0x00000085eb600000,0x00000085eb700000)]
  0x0000026fecf82000 JavaThread "Daemon Thread 2" [_thread_blocked, id=9208, stack(0x00000085e7100000,0x00000085e7200000)]
  0x0000026fecf7d800 JavaThread "Handler for socket connection from /127.0.0.1:61940 to /127.0.0.1:54091" [_thread_in_native, id=14256, stack(0x00000085e7200000,0x00000085e7300000)]
  0x0000026fecf80000 JavaThread "Cancel handler" [_thread_blocked, id=11020, stack(0x00000085e7300000,0x00000085e7400000)]
  0x0000026fecf81000 JavaThread "Daemon worker Thread 2" [_thread_blocked, id=5620, stack(0x00000085e8a00000,0x00000085e8b00000)]
  0x0000026fecf82800 JavaThread "Asynchronous log dispatcher for DefaultDaemonConnection: socket connection from /127.0.0.1:61940 to /127.0.0.1:54091" [_thread_blocked, id=13680, stack(0x00000085e8b00000,0x00000085e8c00000)]
  0x0000026fecf83800 JavaThread "Stdin handler" [_thread_blocked, id=15264, stack(0x00000085e8c00000,0x00000085e8d00000)]
  0x0000026fecf7e800 JavaThread "Daemon client event forwarder" [_thread_blocked, id=2996, stack(0x00000085e8d00000,0x00000085e8e00000)]
  0x0000026fecf8b800 JavaThread "Cache worker for file hash cache (C:\Users\noam\OneDrive - Bar-Ilan University\Android\MyNewLibrary\.gradle\7.0.2\fileHashes)" [_thread_blocked, id=13976, stack(0x00000085e8e00000,0x00000085e8f00000)]
  0x0000026fecf8a000 JavaThread "Cache worker for checksums cache (C:\Users\noam\OneDrive - Bar-Ilan University\Android\MyNewLibrary\.gradle\checksums)" [_thread_blocked, id=1200, stack(0x00000085e8f00000,0x00000085e9000000)]
  0x0000026fecf86000 JavaThread "Cache worker for cache directory md-supplier (C:\Users\noam\.gradle\caches\7.0.2\md-supplier)" [_thread_blocked, id=10632, stack(0x00000085e9000000,0x00000085e9100000)]
  0x0000026fecf89000 JavaThread "Cache worker for cache directory md-rule (C:\Users\noam\.gradle\caches\7.0.2\md-rule)" [_thread_blocked, id=12092, stack(0x00000085e9a00000,0x00000085e9b00000)]
  0x0000026fecf8b000 JavaThread "Cache worker for dependencies-accessors (C:\Users\noam\OneDrive - Bar-Ilan University\Android\MyNewLibrary\.gradle\7.0.2\dependencies-accessors)" [_thread_blocked, id=6680, stack(0x00000085e9b00000,0x00000085e9c00000)]
  0x0000026fecf86800 JavaThread "Cache worker for Build Output Cleanup Cache (C:\Users\noam\OneDrive - Bar-Ilan University\Android\MyNewLibrary\.gradle\buildOutputCleanup)" [_thread_blocked, id=12192, stack(0x00000085ea600000,0x00000085ea700000)]
  0x0000026fee43b000 JavaThread "Build operations" [_thread_blocked, id=14440, stack(0x00000085eaa00000,0x00000085eab00000)]
  0x0000026fee435000 JavaThread "Build operations Thread 2" [_thread_blocked, id=7636, stack(0x00000085eac00000,0x00000085ead00000)]
  0x0000026fee441800 JavaThread "Build operations Thread 3" [_thread_blocked, id=10008, stack(0x00000085ead00000,0x00000085eae00000)]
  0x0000026fee43b800 JavaThread "Build operations Thread 4" [_thread_blocked, id=13232, stack(0x00000085eae00000,0x00000085eaf00000)]
  0x0000026fee443000 JavaThread "Build operations Thread 5" [_thread_blocked, id=2112, stack(0x00000085eaf00000,0x00000085eb000000)]
  0x0000026fee444000 JavaThread "Build operations Thread 6" [_thread_blocked, id=14388, stack(0x00000085eb000000,0x00000085eb100000)]
  0x0000026fee440800 JavaThread "Build operations Thread 7" [_thread_blocked, id=13396, stack(0x00000085eb100000,0x00000085eb200000)]
  0x0000026fee442000 JavaThread "Build operations Thread 8" [_thread_blocked, id=7660, stack(0x00000085eb200000,0x00000085eb300000)]
  0x0000026fed1ae800 JavaThread "build event listener" [_thread_blocked, id=6048, stack(0x00000085eb300000,0x00000085eb400000)]
  0x0000026fed1b0000 JavaThread "Execution worker for ':'" [_thread_in_Java, id=10328, stack(0x00000085eb400000,0x00000085eb500000)]
  0x0000026ff0d92800 JavaThread "Execution worker for ':' Thread 2" [_thread_blocked, id=3888, stack(0x00000085eb500000,0x00000085eb600000)]
  0x0000026ff0d8e000 JavaThread "Execution worker for ':' Thread 3" [_thread_blocked, id=5636, stack(0x00000085eb700000,0x00000085eb800000)]
  0x0000026ff0d8f000 JavaThread "Execution worker for ':' Thread 4" [_thread_blocked, id=7576, stack(0x00000085eb800000,0x00000085eb900000)]
  0x0000026ff0d8d800 JavaThread "Execution worker for ':' Thread 5" [_thread_blocked, id=9952, stack(0x00000085eb900000,0x00000085eba00000)]
  0x0000026ff0d93000 JavaThread "Execution worker for ':' Thread 6" [_thread_blocked, id=8880, stack(0x00000085eba00000,0x00000085ebb00000)]
  0x0000026ff0d95000 JavaThread "Execution worker for ':' Thread 7" [_thread_blocked, id=9256, stack(0x00000085ebb00000,0x00000085ebc00000)]
  0x0000026ff0d95800 JavaThread "Cache worker for execution history cache (C:\Users\noam\OneDrive - Bar-Ilan University\Android\MyNewLibrary\.gradle\7.0.2\executionHistory)" [_thread_blocked, id=4996, stack(0x00000085ebc00000,0x00000085ebd00000)]
  0x0000026ff0d94000 JavaThread "WorkerExecutor Queue" [_thread_blocked, id=6824, stack(0x00000085ebd00000,0x00000085ebe00000)]
  0x0000026ff0d97000 JavaThread "WorkerExecutor Queue Thread 2" [_thread_blocked, id=12124, stack(0x00000085ebe00000,0x00000085ebf00000)]
  0x0000026ff0d90000 JavaThread "C2 CompilerThread1" daemon [_thread_in_native, id=10608, stack(0x00000085ea800000,0x00000085ea900000)]
  0x0000026ff0d96800 JavaThread "WorkerExecutor Queue Thread 3" [_thread_blocked, id=8396, stack(0x00000085ebf00000,0x00000085ec000000)]

Other Threads:
  0x0000026fea4df800 VMThread "VM Thread" [stack: 0x00000085e7a00000,0x00000085e7b00000] [id=14376]
  0x0000026feb00a800 WatcherThread [stack: 0x00000085e8400000,0x00000085e8500000] [id=3952]
  0x0000026fce0f4000 GCTaskThread "GC Thread#0" [stack: 0x00000085e7500000,0x00000085e7600000] [id=2532]
  0x0000026feb42a000 GCTaskThread "GC Thread#1" [stack: 0x00000085e8600000,0x00000085e8700000] [id=13240]
  0x0000026feb969000 GCTaskThread "GC Thread#2" [stack: 0x00000085e8700000,0x00000085e8800000] [id=9140]
  0x0000026fed8e0000 GCTaskThread "GC Thread#3" [stack: 0x00000085e9100000,0x00000085e9200000] [id=5604]
  0x0000026feb4a2000 GCTaskThread "GC Thread#4" [stack: 0x00000085e9200000,0x00000085e9300000] [id=3024]
  0x0000026feb5de000 GCTaskThread "GC Thread#5" [stack: 0x00000085e9300000,0x00000085e9400000] [id=10488]
  0x0000026fec1e7000 GCTaskThread "GC Thread#6" [stack: 0x00000085e9400000,0x00000085e9500000] [id=10844]
  0x0000026fed54b000 GCTaskThread "GC Thread#7" [stack: 0x00000085e9500000,0x00000085e9600000] [id=11316]
  0x0000026fce126000 ConcurrentGCThread "G1 Main Marker" [stack: 0x00000085e7600000,0x00000085e7700000] [id=12968]
  0x0000026fce127800 ConcurrentGCThread "G1 Conc#0" [stack: 0x00000085e7700000,0x00000085e7800000] [id=10192]
  0x0000026fedbce000 ConcurrentGCThread "G1 Conc#1" [stack: 0x00000085e9800000,0x00000085e9900000] [id=936]
  0x0000026fea330800 ConcurrentGCThread "G1 Refine#0" [stack: 0x00000085e7800000,0x00000085e7900000] [id=13872]
  0x0000026ff207d800 ConcurrentGCThread "G1 Refine#1" [stack: 0x00000085ea700000,0x00000085ea800000] [id=13672]
  0x0000026fea331800 ConcurrentGCThread "G1 Young RemSet Sampling" [stack: 0x00000085e7900000,0x00000085e7a00000] [id=4716]

Threads with active compile tasks:
C2 CompilerThread01058878 17495       4       com.android.ide.common.blame.MergingLogPersistUtil::lambda$normalize$0 (107 bytes)
C2 CompilerThread11058878 17519       4       com.android.ide.common.resources.NodeUtils::updateNamespace (161 bytes)

VM state:not at safepoint (normal execution)

VM Mutex/Monitor currently owned by a thread:  ([mutex/lock_event])
[0x0000026fce0d7ba0] CompiledIC_lock - owner thread: 0x0000026fea508000

Heap address: 0x0000000080000000, size: 2048 MB, Compressed Oops mode: 32-bit
Narrow klass base: 0x0000000000000000, Narrow klass shift: 3
Compressed class space size: 1073741824 Address: 0x0000000100000000

Heap:
 garbage-first heap   total 225280K, used 178008K [0x0000000080000000, 0x0000000100000000)
  region size 1024K, 24 young (24576K), 1 survivors (1024K)
 Metaspace       used 124534K, capacity 127844K, committed 128128K, reserved 1161216K
  class space    used 15740K, capacity 16938K, committed 17024K, reserved 1048576K
Heap Regions: E=young(eden), S=young(survivor), O=old, HS=humongous(starts), HC=humongous(continues), CS=collection set, F=free, A=archive, TAMS=top-at-mark-start (previous, next)
|   0|0x0000000080000000, 0x0000000080100000, 0x0000000080100000|100%| O|  |TAMS 0x0000000080100000, 0x0000000080100000| Untracked 
|   1|0x0000000080100000, 0x0000000080200000, 0x0000000080200000|100%| O|  |TAMS 0x0000000080200000, 0x0000000080200000| Untracked 
|   2|0x0000000080200000, 0x0000000080300000, 0x0000000080300000|100%| O|  |TAMS 0x0000000080300000, 0x0000000080300000| Untracked 
|   3|0x0000000080300000, 0x0000000080400000, 0x0000000080400000|100%|HS|  |TAMS 0x0000000080400000, 0x0000000080400000| Complete 
|   4|0x0000000080400000, 0x0000000080500000, 0x0000000080500000|100%|HC|  |TAMS 0x0000000080500000, 0x0000000080500000| Complete 
|   5|0x0000000080500000, 0x0000000080600000, 0x0000000080600000|100%|HC|  |TAMS 0x0000000080600000, 0x0000000080600000| Complete 
|   6|0x0000000080600000, 0x0000000080700000, 0x0000000080700000|100%| O|  |TAMS 0x0000000080700000, 0x0000000080700000| Untracked 
|   7|0x0000000080700000, 0x0000000080800000, 0x0000000080800000|100%| O|  |TAMS 0x0000000080800000, 0x0000000080800000| Untracked 
|   8|0x0000000080800000, 0x0000000080900000, 0x0000000080900000|100%| O|  |TAMS 0x0000000080900000, 0x0000000080900000| Untracked 
|   9|0x0000000080900000, 0x0000000080a00000, 0x0000000080a00000|100%| O|  |TAMS 0x0000000080a00000, 0x0000000080a00000| Untracked 
|  10|0x0000000080a00000, 0x0000000080b00000, 0x0000000080b00000|100%| O|  |TAMS 0x0000000080b00000, 0x0000000080b00000| Untracked 
|  11|0x0000000080b00000, 0x0000000080c00000, 0x0000000080c00000|100%| O|  |TAMS 0x0000000080c00000, 0x0000000080c00000| Untracked 
|  12|0x0000000080c00000, 0x0000000080d00000, 0x0000000080d00000|100%| O|  |TAMS 0x0000000080d00000, 0x0000000080d00000| Untracked 
|  13|0x0000000080d00000, 0x0000000080e00000, 0x0000000080e00000|100%| O|  |TAMS 0x0000000080e00000, 0x0000000080e00000| Untracked 
|  14|0x0000000080e00000, 0x0000000080f00000, 0x0000000080f00000|100%| O|  |TAMS 0x0000000080f00000, 0x0000000080f00000| Untracked 
|  15|0x0000000080f00000, 0x0000000081000000, 0x0000000081000000|100%| O|  |TAMS 0x0000000081000000, 0x0000000081000000| Untracked 
|  16|0x0000000081000000, 0x0000000081100000, 0x0000000081100000|100%| O|  |TAMS 0x0000000081100000, 0x0000000081100000| Untracked 
|  17|0x0000000081100000, 0x0000000081200000, 0x0000000081200000|100%|HS|  |TAMS 0x0000000081200000, 0x0000000081200000| Complete 
|  18|0x0000000081200000, 0x0000000081300000, 0x0000000081300000|100%|HC|  |TAMS 0x0000000081300000, 0x0000000081300000| Complete 
|  19|0x0000000081300000, 0x0000000081400000, 0x0000000081400000|100%|HS|  |TAMS 0x0000000081400000, 0x0000000081400000| Complete 
|  20|0x0000000081400000, 0x0000000081500000, 0x0000000081500000|100%|HC|  |TAMS 0x0000000081500000, 0x0000000081500000| Complete 
|  21|0x0000000081500000, 0x0000000081600000, 0x0000000081600000|100%|HC|  |TAMS 0x0000000081600000, 0x0000000081600000| Complete 
|  22|0x0000000081600000, 0x0000000081700000, 0x0000000081700000|100%|HS|  |TAMS 0x0000000081700000, 0x0000000081700000| Complete 
|  23|0x0000000081700000, 0x0000000081800000, 0x0000000081800000|100%|HC|  |TAMS 0x0000000081800000, 0x0000000081800000| Complete 
|  24|0x0000000081800000, 0x0000000081900000, 0x0000000081900000|100%|HC|  |TAMS 0x0000000081900000, 0x0000000081900000| Complete 
|  25|0x0000000081900000, 0x0000000081a00000, 0x0000000081a00000|100%|HC|  |TAMS 0x0000000081a00000, 0x0000000081a00000| Complete 
|  26|0x0000000081a00000, 0x0000000081b00000, 0x0000000081b00000|100%|HC|  |TAMS 0x0000000081b00000, 0x0000000081b00000| Complete 
|  27|0x0000000081b00000, 0x0000000081c00000, 0x0000000081c00000|100%| O|  |TAMS 0x0000000081c00000, 0x0000000081c00000| Untracked 
|  28|0x0000000081c00000, 0x0000000081d00000, 0x0000000081d00000|100%| O|  |TAMS 0x0000000081d00000, 0x0000000081d00000| Untracked 
|  29|0x0000000081d00000, 0x0000000081e00000, 0x0000000081e00000|100%| O|  |TAMS 0x0000000081e00000, 0x0000000081e00000| Untracked 
|  30|0x0000000081e00000, 0x0000000081f00000, 0x0000000081f00000|100%| O|  |TAMS 0x0000000081f00000, 0x0000000081f00000| Untracked 
|  31|0x0000000081f00000, 0x0000000082000000, 0x0000000082000000|100%| O|  |TAMS 0x0000000082000000, 0x0000000082000000| Untracked 
|  32|0x0000000082000000, 0x0000000082100000, 0x0000000082100000|100%| O|  |TAMS 0x0000000082100000, 0x0000000082100000| Untracked 
|  33|0x0000000082100000, 0x0000000082200000, 0x0000000082200000|100%| O|  |TAMS 0x0000000082200000, 0x0000000082200000| Untracked 
|  34|0x0000000082200000, 0x0000000082300000, 0x0000000082300000|100%| O|  |TAMS 0x0000000082300000, 0x0000000082300000| Untracked 
|  35|0x0000000082300000, 0x0000000082400000, 0x0000000082400000|100%| O|  |TAMS 0x0000000082400000, 0x0000000082400000| Untracked 
|  36|0x0000000082400000, 0x0000000082500000, 0x0000000082500000|100%|HS|  |TAMS 0x0000000082500000, 0x0000000082500000| Complete 
|  37|0x0000000082500000, 0x0000000082600000, 0x0000000082600000|100%|HC|  |TAMS 0x0000000082600000, 0x0000000082600000| Complete 
|  38|0x0000000082600000, 0x0000000082700000, 0x0000000082700000|100%|HC|  |TAMS 0x0000000082700000, 0x0000000082700000| Complete 
|  39|0x0000000082700000, 0x0000000082800000, 0x0000000082800000|100%|HC|  |TAMS 0x0000000082800000, 0x0000000082800000| Complete 
|  40|0x0000000082800000, 0x0000000082900000, 0x0000000082900000|100%|HC|  |TAMS 0x0000000082900000, 0x0000000082900000| Complete 
|  41|0x0000000082900000, 0x0000000082a00000, 0x0000000082a00000|100%| O|  |TAMS 0x0000000082a00000, 0x0000000082a00000| Untracked 
|  42|0x0000000082a00000, 0x0000000082b00000, 0x0000000082b00000|100%| O|  |TAMS 0x0000000082b00000, 0x0000000082b00000| Untracked 
|  43|0x0000000082b00000, 0x0000000082c00000, 0x0000000082c00000|100%|HS|  |TAMS 0x0000000082c00000, 0x0000000082c00000| Complete 
|  44|0x0000000082c00000, 0x0000000082d00000, 0x0000000082d00000|100%|HC|  |TAMS 0x0000000082d00000, 0x0000000082d00000| Complete 
|  45|0x0000000082d00000, 0x0000000082e00000, 0x0000000082e00000|100%|HC|  |TAMS 0x0000000082e00000, 0x0000000082e00000| Complete 
|  46|0x0000000082e00000, 0x0000000082f00000, 0x0000000082f00000|100%| O|  |TAMS 0x0000000082f00000, 0x0000000082f00000| Untracked 
|  47|0x0000000082f00000, 0x0000000083000000, 0x0000000083000000|100%| O|  |TAMS 0x0000000083000000, 0x0000000083000000| Untracked 
|  48|0x0000000083000000, 0x0000000083100000, 0x0000000083100000|100%| O|  |TAMS 0x0000000083100000, 0x0000000083100000| Untracked 
|  49|0x0000000083100000, 0x0000000083200000, 0x0000000083200000|100%| O|  |TAMS 0x0000000083200000, 0x0000000083200000| Untracked 
|  50|0x0000000083200000, 0x0000000083300000, 0x0000000083300000|100%| O|  |TAMS 0x0000000083300000, 0x0000000083300000| Untracked 
|  51|0x0000000083300000, 0x0000000083400000, 0x0000000083400000|100%| O|  |TAMS 0x0000000083400000, 0x0000000083400000| Untracked 
|  52|0x0000000083400000, 0x0000000083500000, 0x0000000083500000|100%| O|  |TAMS 0x0000000083500000, 0x0000000083500000| Untracked 
|  53|0x0000000083500000, 0x0000000083600000, 0x0000000083600000|100%|HS|  |TAMS 0x0000000083600000, 0x0000000083600000| Complete 
|  54|0x0000000083600000, 0x0000000083700000, 0x0000000083700000|100%|HS|  |TAMS 0x0000000083700000, 0x0000000083700000| Complete 
|  55|0x0000000083700000, 0x0000000083800000, 0x0000000083800000|100%|HS|  |TAMS 0x0000000083800000, 0x0000000083800000| Complete 
|  56|0x0000000083800000, 0x0000000083900000, 0x0000000083900000|100%|HS|  |TAMS 0x0000000083900000, 0x0000000083900000| Complete 
|  57|0x0000000083900000, 0x0000000083a00000, 0x0000000083a00000|100%|HC|  |TAMS 0x0000000083a00000, 0x0000000083a00000| Complete 
|  58|0x0000000083a00000, 0x0000000083b00000, 0x0000000083b00000|100%|HC|  |TAMS 0x0000000083b00000, 0x0000000083b00000| Complete 
|  59|0x0000000083b00000, 0x0000000083c00000, 0x0000000083c00000|100%|HS|  |TAMS 0x0000000083c00000, 0x0000000083c00000| Complete 
|  60|0x0000000083c00000, 0x0000000083d00000, 0x0000000083d00000|100%|HC|  |TAMS 0x0000000083d00000, 0x0000000083d00000| Complete 
|  61|0x0000000083d00000, 0x0000000083e00000, 0x0000000083e00000|100%| O|  |TAMS 0x0000000083e00000, 0x0000000083e00000| Untracked 
|  62|0x0000000083e00000, 0x0000000083f00000, 0x0000000083f00000|100%| O|  |TAMS 0x0000000083f00000, 0x0000000083f00000| Untracked 
|  63|0x0000000083f00000, 0x0000000084000000, 0x0000000084000000|100%| O|  |TAMS 0x0000000084000000, 0x0000000084000000| Untracked 
|  64|0x0000000084000000, 0x0000000084100000, 0x0000000084100000|100%| O|  |TAMS 0x0000000084100000, 0x0000000084100000| Untracked 
|  65|0x0000000084100000, 0x0000000084200000, 0x0000000084200000|100%| O|  |TAMS 0x0000000084200000, 0x0000000084200000| Untracked 
|  66|0x0000000084200000, 0x0000000084300000, 0x0000000084300000|100%| O|  |TAMS 0x0000000084300000, 0x0000000084300000| Untracked 
|  67|0x0000000084300000, 0x0000000084400000, 0x0000000084400000|100%| O|  |TAMS 0x0000000084400000, 0x0000000084400000| Untracked 
|  68|0x0000000084400000, 0x0000000084500000, 0x0000000084500000|100%| O|  |TAMS 0x0000000084500000, 0x0000000084500000| Untracked 
|  69|0x0000000084500000, 0x0000000084600000, 0x0000000084600000|100%| O|  |TAMS 0x0000000084600000, 0x0000000084600000| Untracked 
|  70|0x0000000084600000, 0x0000000084700000, 0x0000000084700000|100%| O|  |TAMS 0x0000000084700000, 0x0000000084700000| Untracked 
|  71|0x0000000084700000, 0x0000000084800000, 0x0000000084800000|100%| O|  |TAMS 0x0000000084800000, 0x0000000084800000| Untracked 
|  72|0x0000000084800000, 0x0000000084900000, 0x0000000084900000|100%| O|  |TAMS 0x0000000084900000, 0x0000000084900000| Untracked 
|  73|0x0000000084900000, 0x0000000084a00000, 0x0000000084a00000|100%| O|  |TAMS 0x0000000084a00000, 0x0000000084a00000| Untracked 
|  74|0x0000000084a00000, 0x0000000084b00000, 0x0000000084b00000|100%| O|  |TAMS 0x0000000084b00000, 0x0000000084b00000| Untracked 
|  75|0x0000000084b00000, 0x0000000084c00000, 0x0000000084c00000|100%| O|  |TAMS 0x0000000084c00000, 0x0000000084c00000| Untracked 
|  76|0x0000000084c00000, 0x0000000084d00000, 0x0000000084d00000|100%| O|  |TAMS 0x0000000084d00000, 0x0000000084d00000| Untracked 
|  77|0x0000000084d00000, 0x0000000084e00000, 0x0000000084e00000|100%| O|  |TAMS 0x0000000084e00000, 0x0000000084e00000| Untracked 
|  78|0x0000000084e00000, 0x0000000084f00000, 0x0000000084f00000|100%| O|  |TAMS 0x0000000084f00000, 0x0000000084f00000| Untracked 
|  79|0x0000000084f00000, 0x0000000085000000, 0x0000000085000000|100%| O|  |TAMS 0x0000000085000000, 0x0000000085000000| Untracked 
|  80|0x0000000085000000, 0x0000000085100000, 0x0000000085100000|100%| O|  |TAMS 0x0000000085100000, 0x0000000085100000| Untracked 
|  81|0x0000000085100000, 0x0000000085200000, 0x0000000085200000|100%| O|  |TAMS 0x0000000085200000, 0x0000000085200000| Untracked 
|  82|0x0000000085200000, 0x0000000085300000, 0x0000000085300000|100%| O|  |TAMS 0x0000000085300000, 0x0000000085300000| Untracked 
|  83|0x0000000085300000, 0x0000000085400000, 0x0000000085400000|100%| O|  |TAMS 0x0000000085400000, 0x0000000085400000| Untracked 
|  84|0x0000000085400000, 0x0000000085500000, 0x0000000085500000|100%| O|  |TAMS 0x0000000085500000, 0x0000000085500000| Untracked 
|  85|0x0000000085500000, 0x0000000085600000, 0x0000000085600000|100%| O|  |TAMS 0x0000000085600000, 0x0000000085600000| Untracked 
|  86|0x0000000085600000, 0x0000000085700000, 0x0000000085700000|100%| O|  |TAMS 0x0000000085700000, 0x0000000085700000| Untracked 
|  87|0x0000000085700000, 0x0000000085800000, 0x0000000085800000|100%| O|  |TAMS 0x0000000085800000, 0x0000000085800000| Untracked 
|  88|0x0000000085800000, 0x0000000085900000, 0x0000000085900000|100%| O|  |TAMS 0x0000000085900000, 0x0000000085900000| Untracked 
|  89|0x0000000085900000, 0x0000000085a00000, 0x0000000085a00000|100%| O|  |TAMS 0x0000000085a00000, 0x0000000085a00000| Untracked 
|  90|0x0000000085a00000, 0x0000000085b00000, 0x0000000085b00000|100%| O|  |TAMS 0x0000000085b00000, 0x0000000085b00000| Untracked 
|  91|0x0000000085b00000, 0x0000000085c00000, 0x0000000085c00000|100%| O|  |TAMS 0x0000000085c00000, 0x0000000085c00000| Untracked 
|  92|0x0000000085c00000, 0x0000000085d00000, 0x0000000085d00000|100%| O|  |TAMS 0x0000000085d00000, 0x0000000085d00000| Untracked 
|  93|0x0000000085d00000, 0x0000000085e00000, 0x0000000085e00000|100%| O|  |TAMS 0x0000000085e00000, 0x0000000085e00000| Untracked 
|  94|0x0000000085e00000, 0x0000000085f00000, 0x0000000085f00000|100%| O|  |TAMS 0x0000000085f00000, 0x0000000085f00000| Untracked 
|  95|0x0000000085f00000, 0x0000000086000000, 0x0000000086000000|100%| O|  |TAMS 0x0000000086000000, 0x0000000086000000| Untracked 
|  96|0x0000000086000000, 0x0000000086100000, 0x0000000086100000|100%| O|  |TAMS 0x0000000086100000, 0x0000000086100000| Untracked 
|  97|0x0000000086100000, 0x0000000086200000, 0x0000000086200000|100%| O|  |TAMS 0x0000000086200000, 0x0000000086200000| Untracked 
|  98|0x0000000086200000, 0x0000000086300000, 0x0000000086300000|100%| O|  |TAMS 0x0000000086300000, 0x0000000086300000| Untracked 
|  99|0x0000000086300000, 0x0000000086400000, 0x0000000086400000|100%| O|  |TAMS 0x0000000086400000, 0x0000000086400000| Untracked 
| 100|0x0000000086400000, 0x0000000086500000, 0x0000000086500000|100%| O|  |TAMS 0x0000000086500000, 0x0000000086500000| Untracked 
| 101|0x0000000086500000, 0x0000000086600000, 0x0000000086600000|100%| O|  |TAMS 0x0000000086600000, 0x0000000086600000| Untracked 
| 102|0x0000000086600000, 0x0000000086700000, 0x0000000086700000|100%| O|  |TAMS 0x0000000086700000, 0x0000000086700000| Untracked 
| 103|0x0000000086700000, 0x0000000086800000, 0x0000000086800000|100%| O|  |TAMS 0x0000000086800000, 0x0000000086800000| Untracked 
| 104|0x0000000086800000, 0x0000000086900000, 0x0000000086900000|100%| O|  |TAMS 0x0000000086900000, 0x0000000086900000| Untracked 
| 105|0x0000000086900000, 0x0000000086a00000, 0x0000000086a00000|100%| O|  |TAMS 0x0000000086a00000, 0x0000000086a00000| Untracked 
| 106|0x0000000086a00000, 0x0000000086b00000, 0x0000000086b00000|100%| O|  |TAMS 0x0000000086b00000, 0x0000000086b00000| Untracked 
| 107|0x0000000086b00000, 0x0000000086c00000, 0x0000000086c00000|100%| O|  |TAMS 0x0000000086c00000, 0x0000000086c00000| Untracked 
| 108|0x0000000086c00000, 0x0000000086d00000, 0x0000000086d00000|100%| O|  |TAMS 0x0000000086d00000, 0x0000000086d00000| Untracked 
| 109|0x0000000086d00000, 0x0000000086e00000, 0x0000000086e00000|100%| O|  |TAMS 0x0000000086e00000, 0x0000000086e00000| Untracked 
| 110|0x0000000086e00000, 0x0000000086f00000, 0x0000000086f00000|100%| O|  |TAMS 0x0000000086f00000, 0x0000000086f00000| Untracked 
| 111|0x0000000086f00000, 0x0000000087000000, 0x0000000087000000|100%| O|  |TAMS 0x0000000087000000, 0x0000000087000000| Untracked 
| 112|0x0000000087000000, 0x0000000087100000, 0x0000000087100000|100%| O|  |TAMS 0x0000000087100000, 0x0000000087100000| Untracked 
| 113|0x0000000087100000, 0x0000000087200000, 0x0000000087200000|100%| O|  |TAMS 0x0000000087200000, 0x0000000087200000| Untracked 
| 114|0x0000000087200000, 0x0000000087300000, 0x0000000087300000|100%| O|  |TAMS 0x0000000087300000, 0x0000000087300000| Untracked 
| 115|0x0000000087300000, 0x0000000087400000, 0x0000000087400000|100%| O|  |TAMS 0x0000000087400000, 0x0000000087400000| Untracked 
| 116|0x0000000087400000, 0x0000000087500000, 0x0000000087500000|100%| O|  |TAMS 0x0000000087500000, 0x0000000087500000| Untracked 
| 117|0x0000000087500000, 0x0000000087600000, 0x0000000087600000|100%|HS|  |TAMS 0x0000000087600000, 0x0000000087600000| Complete 
| 118|0x0000000087600000, 0x0000000087700000, 0x0000000087700000|100%| O|  |TAMS 0x0000000087700000, 0x0000000087700000| Untracked 
| 119|0x0000000087700000, 0x0000000087800000, 0x0000000087800000|100%| O|  |TAMS 0x0000000087800000, 0x0000000087800000| Untracked 
| 120|0x0000000087800000, 0x0000000087900000, 0x0000000087900000|100%| O|  |TAMS 0x0000000087900000, 0x0000000087900000| Untracked 
| 121|0x0000000087900000, 0x0000000087a00000, 0x0000000087a00000|100%| O|  |TAMS 0x0000000087a00000, 0x0000000087a00000| Untracked 
| 122|0x0000000087a00000, 0x0000000087b00000, 0x0000000087b00000|100%| O|  |TAMS 0x0000000087b00000, 0x0000000087b00000| Untracked 
| 123|0x0000000087b00000, 0x0000000087c00000, 0x0000000087c00000|100%| O|  |TAMS 0x0000000087c00000, 0x0000000087c00000| Untracked 
| 124|0x0000000087c00000, 0x0000000087d00000, 0x0000000087d00000|100%| O|  |TAMS 0x0000000087d00000, 0x0000000087d00000| Untracked 
| 125|0x0000000087d00000, 0x0000000087e00000, 0x0000000087e00000|100%| O|  |TAMS 0x0000000087e00000, 0x0000000087e00000| Untracked 
| 126|0x0000000087e00000, 0x0000000087f00000, 0x0000000087f00000|100%| O|  |TAMS 0x0000000087f00000, 0x0000000087f00000| Untracked 
| 127|0x0000000087f00000, 0x0000000088000000, 0x0000000088000000|100%| O|  |TAMS 0x0000000088000000, 0x0000000088000000| Untracked 
| 128|0x0000000088000000, 0x0000000088100000, 0x0000000088100000|100%| O|  |TAMS 0x0000000088100000, 0x0000000088100000| Untracked 
| 129|0x0000000088100000, 0x0000000088200000, 0x0000000088200000|100%| O|  |TAMS 0x0000000088200000, 0x0000000088200000| Untracked 
| 130|0x0000000088200000, 0x0000000088300000, 0x0000000088300000|100%| O|  |TAMS 0x0000000088300000, 0x0000000088300000| Untracked 
| 131|0x0000000088300000, 0x0000000088400000, 0x0000000088400000|100%| O|  |TAMS 0x0000000088400000, 0x0000000088400000| Untracked 
| 132|0x0000000088400000, 0x0000000088500000, 0x0000000088500000|100%| O|  |TAMS 0x0000000088500000, 0x0000000088500000| Untracked 
| 133|0x0000000088500000, 0x0000000088600000, 0x0000000088600000|100%| O|  |TAMS 0x0000000088600000, 0x0000000088600000| Untracked 
| 134|0x0000000088600000, 0x0000000088700000, 0x0000000088700000|100%| O|  |TAMS 0x0000000088700000, 0x0000000088700000| Untracked 
| 135|0x0000000088700000, 0x0000000088800000, 0x0000000088800000|100%| O|  |TAMS 0x0000000088800000, 0x0000000088800000| Untracked 
| 136|0x0000000088800000, 0x0000000088900000, 0x0000000088900000|100%| O|  |TAMS 0x0000000088900000, 0x0000000088900000| Untracked 
| 137|0x0000000088900000, 0x0000000088a00000, 0x0000000088a00000|100%| O|  |TAMS 0x0000000088a00000, 0x0000000088a00000| Untracked 
| 138|0x0000000088a00000, 0x0000000088b00000, 0x0000000088b00000|100%| O|  |TAMS 0x0000000088b00000, 0x0000000088b00000| Untracked 
| 139|0x0000000088b00000, 0x0000000088c00000, 0x0000000088c00000|100%| O|  |TAMS 0x0000000088c00000, 0x0000000088c00000| Untracked 
| 140|0x0000000088c00000, 0x0000000088d00000, 0x0000000088d00000|100%| O|  |TAMS 0x0000000088d00000, 0x0000000088d00000| Untracked 
| 141|0x0000000088d00000, 0x0000000088e00000, 0x0000000088e00000|100%| O|  |TAMS 0x0000000088e00000, 0x0000000088e00000| Untracked 
| 142|0x0000000088e00000, 0x0000000088f00000, 0x0000000088f00000|100%| O|  |TAMS 0x0000000088f00000, 0x0000000088f00000| Untracked 
| 143|0x0000000088f00000, 0x0000000089000000, 0x0000000089000000|100%| O|  |TAMS 0x0000000089000000, 0x0000000089000000| Untracked 
| 144|0x0000000089000000, 0x0000000089100000, 0x0000000089100000|100%| O|  |TAMS 0x0000000089100000, 0x0000000089100000| Untracked 
| 145|0x0000000089100000, 0x0000000089200000, 0x0000000089200000|100%| O|  |TAMS 0x0000000089200000, 0x0000000089200000| Untracked 
| 146|0x0000000089200000, 0x0000000089300000, 0x0000000089300000|100%| O|  |TAMS 0x00000000892d1200, 0x0000000089300000| Untracked 
| 147|0x0000000089300000, 0x0000000089400000, 0x0000000089400000|100%| O|  |TAMS 0x0000000089300000, 0x0000000089400000| Untracked 
| 148|0x0000000089400000, 0x0000000089500000, 0x0000000089500000|100%| O|  |TAMS 0x0000000089400000, 0x0000000089500000| Untracked 
| 149|0x0000000089500000, 0x0000000089600000, 0x0000000089600000|100%| O|  |TAMS 0x0000000089500000, 0x0000000089600000| Untracked 
| 150|0x0000000089600000, 0x0000000089700000, 0x0000000089700000|100%| O|  |TAMS 0x0000000089600000, 0x0000000089700000| Untracked 
| 151|0x0000000089700000, 0x0000000089735400, 0x0000000089800000| 20%| O|  |TAMS 0x0000000089700000, 0x0000000089735400| Untracked 
| 152|0x0000000089800000, 0x0000000089800000, 0x0000000089900000|  0%| F|  |TAMS 0x0000000089800000, 0x0000000089800000| Untracked 
| 153|0x0000000089900000, 0x0000000089900000, 0x0000000089a00000|  0%| F|  |TAMS 0x0000000089900000, 0x0000000089900000| Untracked 
| 154|0x0000000089a00000, 0x0000000089a00000, 0x0000000089b00000|  0%| F|  |TAMS 0x0000000089a00000, 0x0000000089a00000| Untracked 
| 155|0x0000000089b00000, 0x0000000089b00000, 0x0000000089c00000|  0%| F|  |TAMS 0x0000000089b00000, 0x0000000089b00000| Untracked 
| 156|0x0000000089c00000, 0x0000000089c00000, 0x0000000089d00000|  0%| F|  |TAMS 0x0000000089c00000, 0x0000000089c00000| Untracked 
| 157|0x0000000089d00000, 0x0000000089d00000, 0x0000000089e00000|  0%| F|  |TAMS 0x0000000089d00000, 0x0000000089d00000| Untracked 
| 158|0x0000000089e00000, 0x0000000089e00000, 0x0000000089f00000|  0%| F|  |TAMS 0x0000000089e00000, 0x0000000089e00000| Untracked 
| 159|0x0000000089f00000, 0x0000000089f00000, 0x000000008a000000|  0%| F|  |TAMS 0x0000000089f00000, 0x0000000089f00000| Untracked 
| 160|0x000000008a000000, 0x000000008a000000, 0x000000008a100000|  0%| F|  |TAMS 0x000000008a000000, 0x000000008a000000| Untracked 
| 161|0x000000008a100000, 0x000000008a100000, 0x000000008a200000|  0%| F|  |TAMS 0x000000008a100000, 0x000000008a100000| Untracked 
| 162|0x000000008a200000, 0x000000008a200000, 0x000000008a300000|  0%| F|  |TAMS 0x000000008a200000, 0x000000008a200000| Untracked 
| 163|0x000000008a300000, 0x000000008a300000, 0x000000008a400000|  0%| F|  |TAMS 0x000000008a300000, 0x000000008a300000| Untracked 
| 164|0x000000008a400000, 0x000000008a400000, 0x000000008a500000|  0%| F|  |TAMS 0x000000008a400000, 0x000000008a400000| Untracked 
| 165|0x000000008a500000, 0x000000008a500000, 0x000000008a600000|  0%| F|  |TAMS 0x000000008a500000, 0x000000008a500000| Untracked 
| 166|0x000000008a600000, 0x000000008a600000, 0x000000008a700000|  0%| F|  |TAMS 0x000000008a600000, 0x000000008a600000| Untracked 
| 167|0x000000008a700000, 0x000000008a700000, 0x000000008a800000|  0%| F|  |TAMS 0x000000008a700000, 0x000000008a700000| Untracked 
| 168|0x000000008a800000, 0x000000008a800000, 0x000000008a900000|  0%| F|  |TAMS 0x000000008a800000, 0x000000008a800000| Untracked 
| 169|0x000000008a900000, 0x000000008a900000, 0x000000008aa00000|  0%| F|  |TAMS 0x000000008a900000, 0x000000008a900000| Untracked 
| 170|0x000000008aa00000, 0x000000008aa00000, 0x000000008ab00000|  0%| F|  |TAMS 0x000000008aa00000, 0x000000008aa00000| Untracked 
| 171|0x000000008ab00000, 0x000000008ab00000, 0x000000008ac00000|  0%| F|  |TAMS 0x000000008ab00000, 0x000000008ab00000| Untracked 
| 172|0x000000008ac00000, 0x000000008ac00000, 0x000000008ad00000|  0%| F|  |TAMS 0x000000008ac00000, 0x000000008ac00000| Untracked 
| 173|0x000000008ad00000, 0x000000008ad00000, 0x000000008ae00000|  0%| F|  |TAMS 0x000000008ad00000, 0x000000008ad00000| Untracked 
| 174|0x000000008ae00000, 0x000000008ae00000, 0x000000008af00000|  0%| F|  |TAMS 0x000000008ae00000, 0x000000008ae00000| Untracked 
| 175|0x000000008af00000, 0x000000008af00000, 0x000000008b000000|  0%| F|  |TAMS 0x000000008af00000, 0x000000008af00000| Untracked 
| 176|0x000000008b000000, 0x000000008b000000, 0x000000008b100000|  0%| F|  |TAMS 0x000000008b000000, 0x000000008b000000| Untracked 
| 177|0x000000008b100000, 0x000000008b100000, 0x000000008b200000|  0%| F|  |TAMS 0x000000008b100000, 0x000000008b100000| Untracked 
| 178|0x000000008b200000, 0x000000008b200000, 0x000000008b300000|  0%| F|  |TAMS 0x000000008b200000, 0x000000008b200000| Untracked 
| 179|0x000000008b300000, 0x000000008b300000, 0x000000008b400000|  0%| F|  |TAMS 0x000000008b300000, 0x000000008b300000| Untracked 
| 180|0x000000008b400000, 0x000000008b400000, 0x000000008b500000|  0%| F|  |TAMS 0x000000008b400000, 0x000000008b400000| Untracked 
| 181|0x000000008b500000, 0x000000008b500000, 0x000000008b600000|  0%| F|  |TAMS 0x000000008b500000, 0x000000008b500000| Untracked 
| 182|0x000000008b600000, 0x000000008b600000, 0x000000008b700000|  0%| F|  |TAMS 0x000000008b600000, 0x000000008b600000| Untracked 
| 183|0x000000008b700000, 0x000000008b700000, 0x000000008b800000|  0%| F|  |TAMS 0x000000008b700000, 0x000000008b700000| Untracked 
| 184|0x000000008b800000, 0x000000008b800000, 0x000000008b900000|  0%| F|  |TAMS 0x000000008b800000, 0x000000008b800000| Untracked 
| 185|0x000000008b900000, 0x000000008b900000, 0x000000008ba00000|  0%| F|  |TAMS 0x000000008b900000, 0x000000008b900000| Untracked 
| 186|0x000000008ba00000, 0x000000008baa0cb8, 0x000000008bb00000| 62%| S|CS|TAMS 0x000000008ba00000, 0x000000008ba00000| Complete 
| 187|0x000000008bb00000, 0x000000008bb00000, 0x000000008bc00000|  0%| F|  |TAMS 0x000000008bb00000, 0x000000008bb00000| Untracked 
| 188|0x000000008bc00000, 0x000000008bc00000, 0x000000008bd00000|  0%| F|  |TAMS 0x000000008bc00000, 0x000000008bc00000| Untracked 
| 189|0x000000008bd00000, 0x000000008bd00000, 0x000000008be00000|  0%| F|  |TAMS 0x000000008bd00000, 0x000000008bd00000| Untracked 
| 190|0x000000008be00000, 0x000000008be00000, 0x000000008bf00000|  0%| F|  |TAMS 0x000000008be00000, 0x000000008be00000| Untracked 
| 191|0x000000008bf00000, 0x000000008bf00000, 0x000000008c000000|  0%| F|  |TAMS 0x000000008bf00000, 0x000000008bf00000| Untracked 
| 192|0x000000008c000000, 0x000000008c000000, 0x000000008c100000|  0%| F|  |TAMS 0x000000008c000000, 0x000000008c000000| Untracked 
| 193|0x000000008c100000, 0x000000008c100000, 0x000000008c200000|  0%| F|  |TAMS 0x000000008c100000, 0x000000008c100000| Untracked 
| 194|0x000000008c200000, 0x000000008c200000, 0x000000008c300000|  0%| F|  |TAMS 0x000000008c200000, 0x000000008c200000| Untracked 
| 195|0x000000008c300000, 0x000000008c300000, 0x000000008c400000|  0%| F|  |TAMS 0x000000008c300000, 0x000000008c300000| Untracked 
| 196|0x000000008c400000, 0x000000008c400000, 0x000000008c500000|  0%| F|  |TAMS 0x000000008c400000, 0x000000008c400000| Untracked 
| 197|0x000000008c500000, 0x000000008c580800, 0x000000008c600000| 50%| E|  |TAMS 0x000000008c500000, 0x000000008c500000| Complete 
| 198|0x000000008c600000, 0x000000008c700000, 0x000000008c700000|100%| E|CS|TAMS 0x000000008c600000, 0x000000008c600000| Complete 
| 199|0x000000008c700000, 0x000000008c800000, 0x000000008c800000|100%| E|CS|TAMS 0x000000008c700000, 0x000000008c700000| Complete 
| 200|0x000000008c800000, 0x000000008c900000, 0x000000008c900000|100%| E|CS|TAMS 0x000000008c800000, 0x000000008c800000| Complete 
| 201|0x000000008c900000, 0x000000008ca00000, 0x000000008ca00000|100%| E|CS|TAMS 0x000000008c900000, 0x000000008c900000| Complete 
| 202|0x000000008ca00000, 0x000000008cb00000, 0x000000008cb00000|100%| E|CS|TAMS 0x000000008ca00000, 0x000000008ca00000| Complete 
| 203|0x000000008cb00000, 0x000000008cc00000, 0x000000008cc00000|100%| E|CS|TAMS 0x000000008cb00000, 0x000000008cb00000| Complete 
| 204|0x000000008cc00000, 0x000000008cd00000, 0x000000008cd00000|100%| E|CS|TAMS 0x000000008cc00000, 0x000000008cc00000| Complete 
| 205|0x000000008cd00000, 0x000000008ce00000, 0x000000008ce00000|100%| E|CS|TAMS 0x000000008cd00000, 0x000000008cd00000| Complete 
| 206|0x000000008ce00000, 0x000000008cf00000, 0x000000008cf00000|100%| E|CS|TAMS 0x000000008ce00000, 0x000000008ce00000| Complete 
| 207|0x000000008cf00000, 0x000000008d000000, 0x000000008d000000|100%| E|CS|TAMS 0x000000008cf00000, 0x000000008cf00000| Complete 
| 208|0x000000008d000000, 0x000000008d100000, 0x000000008d100000|100%| E|CS|TAMS 0x000000008d000000, 0x000000008d000000| Complete 
| 209|0x000000008d100000, 0x000000008d200000, 0x000000008d200000|100%| E|CS|TAMS 0x000000008d100000, 0x000000008d100000| Complete 
| 210|0x000000008d200000, 0x000000008d300000, 0x000000008d300000|100%| E|CS|TAMS 0x000000008d200000, 0x000000008d200000| Complete 
| 211|0x000000008d300000, 0x000000008d400000, 0x000000008d400000|100%| E|CS|TAMS 0x000000008d300000, 0x000000008d300000| Complete 
| 212|0x000000008d400000, 0x000000008d500000, 0x000000008d500000|100%| E|CS|TAMS 0x000000008d400000, 0x000000008d400000| Complete 
| 213|0x000000008d500000, 0x000000008d600000, 0x000000008d600000|100%| E|CS|TAMS 0x000000008d500000, 0x000000008d500000| Complete 
| 214|0x000000008d600000, 0x000000008d700000, 0x000000008d700000|100%| E|CS|TAMS 0x000000008d600000, 0x000000008d600000| Complete 
| 215|0x000000008d700000, 0x000000008d800000, 0x000000008d800000|100%| E|CS|TAMS 0x000000008d700000, 0x000000008d700000| Complete 
| 216|0x000000008d800000, 0x000000008d900000, 0x000000008d900000|100%| E|CS|TAMS 0x000000008d800000, 0x000000008d800000| Complete 
| 217|0x000000008d900000, 0x000000008da00000, 0x000000008da00000|100%| E|CS|TAMS 0x000000008d900000, 0x000000008d900000| Complete 
| 218|0x000000008da00000, 0x000000008db00000, 0x000000008db00000|100%| E|CS|TAMS 0x000000008da00000, 0x000000008da00000| Complete 
| 219|0x000000008db00000, 0x000000008dc00000, 0x000000008dc00000|100%| E|CS|TAMS 0x000000008db00000, 0x000000008db00000| Complete 

Card table byte_map: [0x0000026fe3210000,0x0000026fe3610000] _byte_map_base: 0x0000026fe2e10000

Marking Bits (Prev, Next): (CMBitMap*) 0x0000026fce11d640, (CMBitMap*) 0x0000026fce11d608
 Prev Bits: [0x0000026fe5a10000, 0x0000026fe7a10000)
 Next Bits: [0x0000026fe3a10000, 0x0000026fe5a10000)

Polling page: 0x0000026fce1c0000

Metaspace:

Usage:
  Non-class:    108.31 MB capacity,   106.24 MB ( 98%) used,     1.71 MB (  2%) free+waste,   362.38 KB ( <1%) overhead. 
      Class:     16.54 MB capacity,    15.37 MB ( 93%) used,     1.01 MB (  6%) free+waste,   162.94 KB ( <1%) overhead. 
       Both:    124.85 MB capacity,   121.62 MB ( 97%) used,     2.72 MB (  2%) free+waste,   525.31 KB ( <1%) overhead. 

Virtual space:
  Non-class space:      110.00 MB reserved,     108.50 MB ( 99%) committed 
      Class space:        1.00 GB reserved,      16.63 MB (  2%) committed 
             Both:        1.11 GB reserved,     125.13 MB ( 11%) committed 

Chunk freelists:
   Non-Class:  6.00 KB
       Class:  22.00 KB
        Both:  28.00 KB

MaxMetaspaceSize: 17179869184.00 GB
CompressedClassSpaceSize: 1.00 GB

CodeHeap 'non-profiled nmethods': size=120000Kb used=11421Kb max_used=12329Kb free=108578Kb
 bounds [0x0000026fdae70000, 0x0000026fdba80000, 0x0000026fe23a0000]
CodeHeap 'profiled nmethods': size=120000Kb used=36610Kb max_used=38775Kb free=83389Kb
 bounds [0x0000026fd3940000, 0x0000026fd5f20000, 0x0000026fdae70000]
CodeHeap 'non-nmethods': size=5760Kb used=2377Kb max_used=2436Kb free=3382Kb
 bounds [0x0000026fd33a0000, 0x0000026fd3620000, 0x0000026fd3940000]
 total_blobs=17601 nmethods=16609 adapters=902
 compilation: enabled
              stopped_count=0, restarted_count=0
 full_count=0

Compilation events (20 events):
Event: 1058.774 Thread 0x0000026fea507000 17529       3       org.apache.xerces.dom.NodeImpl::isFirstChild (28 bytes)
Event: 1058.774 Thread 0x0000026fea507000 nmethod 17529 0x0000026fd5f19e90 code [0x0000026fd5f1a040, 0x0000026fd5f1a1b8]
Event: 1058.774 Thread 0x0000026fea507000 17531       2       com.google.common.collect.AbstractMapBasedMultimap$WrappedCollection::refreshIfEmpty (78 bytes)
Event: 1058.775 Thread 0x0000026fea507000 nmethod 17531 0x0000026fd5f1a290 code [0x0000026fd5f1a480, 0x0000026fd5f1a7b8]
Event: 1058.775 Thread 0x0000026fea507000 17532       2       com.android.ide.common.resources.NodeUtils::duplicateNode (315 bytes)
Event: 1058.776 Thread 0x0000026fea507000 nmethod 17532 0x0000026fd5f1a990 code [0x0000026fd5f1ad00, 0x0000026fd5f1b4a8]
Event: 1058.776 Thread 0x0000026fea507000 17533       2       com.android.ide.common.resources.NodeUtils::addAttribute (71 bytes)
Event: 1058.776 Thread 0x0000026fea507000 nmethod 17533 0x0000026fd5f1b990 code [0x0000026fd5f1bba0, 0x0000026fd5f1bdc8]
Event: 1058.776 Thread 0x0000026fea507000 17534       2       com.android.ide.common.resources.DataFile::getItems (10 bytes)
Event: 1058.776 Thread 0x0000026fea507000 nmethod 17534 0x0000026fd5f1bf10 code [0x0000026fd5f1c0c0, 0x0000026fd5f1c1e8]
Event: 1058.777 Thread 0x0000026fea507000 17535       2       com.android.ide.common.resources.ResourceMergerItem::getDetailsXml (9 bytes)
Event: 1058.777 Thread 0x0000026fea507000 nmethod 17535 0x0000026fd5f1c290 code [0x0000026fd5f1c460, 0x0000026fd5f1c5b8]
Event: 1058.777 Thread 0x0000026fea507000 17536       2       com.android.ide.common.resources.NodeUtils::duplicateAndAdoptNode (13 bytes)
Event: 1058.777 Thread 0x0000026fea507000 nmethod 17536 0x0000026fd5f1c690 code [0x0000026fd5f1c840, 0x0000026fd5f1c978]
Event: 1058.795 Thread 0x0000026fea507000 17540       2       com.android.ide.common.resources.NodeUtils::processSingleNodeNamespace (107 bytes)
Event: 1058.795 Thread 0x0000026fea507000 nmethod 17540 0x0000026fd5f1ca90 code [0x0000026fd5f1cce0, 0x0000026fd5f1d018]
Event: 1058.804 Thread 0x0000026fea507000 17542       2       org.apache.xerces.dom.CoreDocumentImpl::checkDOMNSErr (135 bytes)
Event: 1058.804 Thread 0x0000026fea507000 nmethod 17542 0x0000026fd5f1d290 code [0x0000026fd5f1d500, 0x0000026fd5f1da58]
Event: 1058.816 Thread 0x0000026ff0d90000 nmethod 17494 0x0000026fdaf05d90 code [0x0000026fdaf062c0, 0x0000026fdaf0af68]
Event: 1058.816 Thread 0x0000026ff0d90000 17519       4       com.android.ide.common.resources.NodeUtils::updateNamespace (161 bytes)

GC Heap History (20 events):
Event: 1049.260 GC heap before
{Heap before GC invocations=46 (full 0):
 garbage-first heap   total 225280K, used 156213K [0x0000000080000000, 0x0000000100000000)
  region size 1024K, 40 young (40960K), 7 survivors (7168K)
 Metaspace       used 117299K, capacity 120376K, committed 120576K, reserved 1153024K
  class space    used 14926K, capacity 16042K, committed 16128K, reserved 1048576K
}
Event: 1049.283 GC heap after
{Heap after GC invocations=47 (full 0):
 garbage-first heap   total 225280K, used 127426K [0x0000000080000000, 0x0000000100000000)
  region size 1024K, 7 young (7168K), 7 survivors (7168K)
 Metaspace       used 117299K, capacity 120376K, committed 120576K, reserved 1153024K
  class space    used 14926K, capacity 16042K, committed 16128K, reserved 1048576K
}
Event: 1049.499 GC heap before
{Heap before GC invocations=48 (full 0):
 garbage-first heap   total 225280K, used 171458K [0x0000000080000000, 0x0000000100000000)
  region size 1024K, 24 young (24576K), 7 survivors (7168K)
 Metaspace       used 117341K, capacity 120461K, committed 120576K, reserved 1153024K
  class space    used 14928K, capacity 16046K, committed 16128K, reserved 1048576K
}
Event: 1049.515 GC heap after
{Heap after GC invocations=49 (full 0):
 garbage-first heap   total 225280K, used 127847K [0x0000000080000000, 0x0000000100000000)
  region size 1024K, 5 young (5120K), 5 survivors (5120K)
 Metaspace       used 117341K, capacity 120461K, committed 120576K, reserved 1153024K
  class space    used 14928K, capacity 16046K, committed 16128K, reserved 1048576K
}
Event: 1051.833 GC heap before
{Heap before GC invocations=50 (full 0):
 garbage-first heap   total 225280K, used 193383K [0x0000000080000000, 0x0000000100000000)
  region size 1024K, 63 young (64512K), 5 survivors (5120K)
 Metaspace       used 119382K, capacity 122534K, committed 122624K, reserved 1155072K
  class space    used 15215K, capacity 16352K, committed 16384K, reserved 1048576K
}
Event: 1051.840 GC heap after
{Heap after GC invocations=51 (full 0):
 garbage-first heap   total 225280K, used 132220K [0x0000000080000000, 0x0000000100000000)
  region size 1024K, 8 young (8192K), 8 survivors (8192K)
 Metaspace       used 119382K, capacity 122534K, committed 122624K, reserved 1155072K
  class space    used 15215K, capacity 16352K, committed 16384K, reserved 1048576K
}
Event: 1051.962 GC heap before
{Heap before GC invocations=51 (full 0):
 garbage-first heap   total 225280K, used 134267K [0x0000000080000000, 0x0000000100000000)
  region size 1024K, 11 young (11264K), 8 survivors (8192K)
 Metaspace       used 119386K, capacity 122535K, committed 122624K, reserved 1155072K
  class space    used 15215K, capacity 16352K, committed 16384K, reserved 1048576K
}
Event: 1051.968 GC heap after
{Heap after GC invocations=52 (full 0):
 garbage-first heap   total 225280K, used 130821K [0x0000000080000000, 0x0000000100000000)
  region size 1024K, 2 young (2048K), 2 survivors (2048K)
 Metaspace       used 119386K, capacity 122535K, committed 122624K, reserved 1155072K
  class space    used 15215K, capacity 16352K, committed 16384K, reserved 1048576K
}
Event: 1055.668 GC heap before
{Heap before GC invocations=52 (full 0):
 garbage-first heap   total 225280K, used 186117K [0x0000000080000000, 0x0000000100000000)
  region size 1024K, 57 young (58368K), 2 survivors (2048K)
 Metaspace       used 121527K, capacity 124772K, committed 124928K, reserved 1157120K
  class space    used 15430K, capacity 16618K, committed 16640K, reserved 1048576K
}
Event: 1055.679 GC heap after
{Heap after GC invocations=53 (full 0):
 garbage-first heap   total 225280K, used 132471K [0x0000000080000000, 0x0000000100000000)
  region size 1024K, 3 young (3072K), 3 survivors (3072K)
 Metaspace       used 121527K, capacity 124772K, committed 124928K, reserved 1157120K
  class space    used 15430K, capacity 16618K, committed 16640K, reserved 1048576K
}
Event: 1056.624 GC heap before
{Heap before GC invocations=54 (full 0):
 garbage-first heap   total 225280K, used 190839K [0x0000000080000000, 0x0000000100000000)
  region size 1024K, 58 young (59392K), 3 survivors (3072K)
 Metaspace       used 121792K, capacity 125028K, committed 125184K, reserved 1157120K
  class space    used 15430K, capacity 16618K, committed 16640K, reserved 1048576K
}
Event: 1056.649 GC heap after
{Heap after GC invocations=55 (full 0):
 garbage-first heap   total 225280K, used 149993K [0x0000000080000000, 0x0000000100000000)
  region size 1024K, 8 young (8192K), 8 survivors (8192K)
 Metaspace       used 121792K, capacity 125028K, committed 125184K, reserved 1157120K
  class space    used 15430K, capacity 16618K, committed 16640K, reserved 1048576K
}
Event: 1056.703 GC heap before
{Heap before GC invocations=55 (full 0):
 garbage-first heap   total 225280K, used 153065K [0x0000000080000000, 0x0000000100000000)
  region size 1024K, 11 young (11264K), 8 survivors (8192K)
 Metaspace       used 121811K, capacity 125028K, committed 125184K, reserved 1157120K
  class space    used 15430K, capacity 16618K, committed 16640K, reserved 1048576K
}
Event: 1056.711 GC heap after
{Heap after GC invocations=56 (full 0):
 garbage-first heap   total 225280K, used 151333K [0x0000000080000000, 0x0000000100000000)
  region size 1024K, 1 young (1024K), 1 survivors (1024K)
 Metaspace       used 121811K, capacity 125028K, committed 125184K, reserved 1157120K
  class space    used 15430K, capacity 16618K, committed 16640K, reserved 1048576K
}
Event: 1057.114 GC heap before
{Heap before GC invocations=56 (full 0):
 garbage-first heap   total 225280K, used 172837K [0x0000000080000000, 0x0000000100000000)
  region size 1024K, 23 young (23552K), 1 survivors (1024K)
 Metaspace       used 122350K, capacity 125633K, committed 125824K, reserved 1159168K
  class space    used 15473K, capacity 16671K, committed 16768K, reserved 1048576K
}
Event: 1057.122 GC heap after
{Heap after GC invocations=57 (full 0):
 garbage-first heap   total 225280K, used 152388K [0x0000000080000000, 0x0000000100000000)
  region size 1024K, 2 young (2048K), 2 survivors (2048K)
 Metaspace       used 122350K, capacity 125633K, committed 125824K, reserved 1159168K
  class space    used 15473K, capacity 16671K, committed 16768K, reserved 1048576K
}
Event: 1058.176 GC heap before
{Heap before GC invocations=58 (full 0):
 garbage-first heap   total 225280K, used 195396K [0x0000000080000000, 0x0000000100000000)
  region size 1024K, 36 young (36864K), 2 survivors (2048K)
 Metaspace       used 124443K, capacity 127774K, committed 127872K, reserved 1161216K
  class space    used 15732K, capacity 16936K, committed 17024K, reserved 1048576K
}
Event: 1058.200 GC heap after
{Heap after GC invocations=59 (full 0):
 garbage-first heap   total 225280K, used 154892K [0x0000000080000000, 0x0000000100000000)
  region size 1024K, 5 young (5120K), 5 survivors (5120K)
 Metaspace       used 124443K, capacity 127774K, committed 127872K, reserved 1161216K
  class space    used 15732K, capacity 16936K, committed 17024K, reserved 1048576K
}
Event: 1058.402 GC heap before
{Heap before GC invocations=59 (full 0):
 garbage-first heap   total 225280K, used 188684K [0x0000000080000000, 0x0000000100000000)
  region size 1024K, 38 young (38912K), 5 survivors (5120K)
 Metaspace       used 124459K, capacity 127774K, committed 127872K, reserved 1161216K
  class space    used 15732K, capacity 16936K, committed 17024K, reserved 1048576K
}
Event: 1058.450 GC heap after
{Heap after GC invocations=60 (full 0):
 garbage-first heap   total 225280K, used 155480K [0x0000000080000000, 0x0000000100000000)
  region size 1024K, 1 young (1024K), 1 survivors (1024K)
 Metaspace       used 124459K, capacity 127774K, committed 127872K, reserved 1161216K
  class space    used 15732K, capacity 16936K, committed 17024K, reserved 1048576K
}

Deoptimization events (20 events):
Event: 1058.779 Thread 0x0000026fed1b0000 Uncommon trap: trap_request=0xffffffde fr.pc=0x0000026fdba12b20 relative=0x00000000000002e0
Event: 1058.779 Thread 0x0000026fed1b0000 Uncommon trap: reason=class_check action=maybe_recompile pc=0x0000026fdba12b20 method=org.apache.xerces.dom.ElementImpl.getAttributes()Lorg/w3c/dom/NamedNodeMap; @ 8 c2
Event: 1058.779 Thread 0x0000026fed1b0000 DEOPT PACKING pc=0x0000026fdba12b20 sp=0x00000085eb4fa020
Event: 1058.779 Thread 0x0000026fed1b0000 DEOPT UNPACKING pc=0x0000026fd33a83af sp=0x00000085eb4f9ff8 mode 2
Event: 1058.794 Thread 0x0000026fed1b0000 Uncommon trap: trap_request=0xffffffde fr.pc=0x0000026fdba12b20 relative=0x00000000000002e0
Event: 1058.794 Thread 0x0000026fed1b0000 Uncommon trap: reason=class_check action=maybe_recompile pc=0x0000026fdba12b20 method=org.apache.xerces.dom.ElementImpl.getAttributes()Lorg/w3c/dom/NamedNodeMap; @ 8 c2
Event: 1058.794 Thread 0x0000026fed1b0000 DEOPT PACKING pc=0x0000026fdba12b20 sp=0x00000085eb4fa020
Event: 1058.794 Thread 0x0000026fed1b0000 DEOPT UNPACKING pc=0x0000026fd33a83af sp=0x00000085eb4f9ff8 mode 2
Event: 1058.795 Thread 0x0000026fed1b0000 Uncommon trap: trap_request=0xffffff4d fr.pc=0x0000026fdba4c598 relative=0x0000000000001c18
Event: 1058.795 Thread 0x0000026fed1b0000 Uncommon trap: reason=unstable_if action=reinterpret pc=0x0000026fdba4c598 method=com.android.ide.common.resources.NodeUtils.processSingleNodeNamespace(Lorg/w3c/dom/Node;Lorg/w3c/dom/Document;)Z @ 52 c2
Event: 1058.795 Thread 0x0000026fed1b0000 DEOPT PACKING pc=0x0000026fdba4c598 sp=0x00000085eb4f9fe0
Event: 1058.795 Thread 0x0000026fed1b0000 DEOPT UNPACKING pc=0x0000026fd33a83af sp=0x00000085eb4f9fe0 mode 2
Event: 1058.795 Thread 0x0000026fed1b0000 Uncommon trap: trap_request=0xffffffde fr.pc=0x0000026fdba12b20 relative=0x00000000000002e0
Event: 1058.795 Thread 0x0000026fed1b0000 Uncommon trap: reason=class_check action=maybe_recompile pc=0x0000026fdba12b20 method=org.apache.xerces.dom.ElementImpl.getAttributes()Lorg/w3c/dom/NamedNodeMap; @ 8 c2
Event: 1058.795 Thread 0x0000026fed1b0000 DEOPT PACKING pc=0x0000026fdba12b20 sp=0x00000085eb4fa020
Event: 1058.795 Thread 0x0000026fed1b0000 DEOPT UNPACKING pc=0x0000026fd33a83af sp=0x00000085eb4f9ff8 mode 2
Event: 1058.795 Thread 0x0000026fed1b0000 Uncommon trap: trap_request=0xffffffde fr.pc=0x0000026fdba12b20 relative=0x00000000000002e0
Event: 1058.795 Thread 0x0000026fed1b0000 Uncommon trap: reason=class_check action=maybe_recompile pc=0x0000026fdba12b20 method=org.apache.xerces.dom.ElementImpl.getAttributes()Lorg/w3c/dom/NamedNodeMap; @ 8 c2
Event: 1058.795 Thread 0x0000026fed1b0000 DEOPT PACKING pc=0x0000026fdba12b20 sp=0x00000085eb4fa020
Event: 1058.795 Thread 0x0000026fed1b0000 DEOPT UNPACKING pc=0x0000026fd33a83af sp=0x00000085eb4f9ff8 mode 2

Classes redefined (0 events):
No events

Internal exceptions (20 events):
Event: 1051.382 Thread 0x0000026fecf7e800 Exception <a 'java/lang/NoSuchMethodError'{0x000000008b27bb70}: <clinit>> (0x000000008b27bb70) thrown at [./src/hotspot/share/prims/jni.cpp, line 1362]
Event: 1052.137 Thread 0x0000026ff0d94000 Exception <a 'sun/nio/fs/WindowsException'{0x000000008d0409f0}> (0x000000008d0409f0) thrown at [./src/hotspot/share/prims/jni.cpp, line 615]
Event: 1052.138 Thread 0x0000026ff0d94000 Exception <a 'sun/nio/fs/WindowsException'{0x000000008d0418e0}> (0x000000008d0418e0) thrown at [./src/hotspot/share/prims/jni.cpp, line 615]
Event: 1052.161 Thread 0x0000026fecf7e800 Exception <a 'java/lang/NoSuchMethodError'{0x000000008cea9ed8}: <clinit>> (0x000000008cea9ed8) thrown at [./src/hotspot/share/prims/jni.cpp, line 1362]
Event: 1056.990 Thread 0x0000026fed1b0000 Exception <a 'java/lang/NoSuchMethodError'{0x000000008cc69568}: <clinit>> (0x000000008cc69568) thrown at [./src/hotspot/share/prims/jni.cpp, line 1362]
Event: 1056.991 Thread 0x0000026fed1b0000 Exception <a 'java/lang/NoSuchMethodError'{0x000000008cc79ab0}: <clinit>> (0x000000008cc79ab0) thrown at [./src/hotspot/share/prims/jni.cpp, line 1362]
Event: 1056.999 Thread 0x0000026fed1b0000 Exception <a 'java/lang/NoSuchMethodError'{0x000000008cce9880}: <clinit>> (0x000000008cce9880) thrown at [./src/hotspot/share/prims/jni.cpp, line 1362]
Event: 1056.999 Thread 0x0000026fed1b0000 Exception <a 'java/lang/NoSuchMethodError'{0x000000008ccec448}: <clinit>> (0x000000008ccec448) thrown at [./src/hotspot/share/prims/jni.cpp, line 1362]
Event: 1057.000 Thread 0x0000026fed1b0000 Exception <a 'java/lang/NoSuchMethodError'{0x000000008ccf0e28}: <clinit>> (0x000000008ccf0e28) thrown at [./src/hotspot/share/prims/jni.cpp, line 1362]
Event: 1057.000 Thread 0x0000026fed1b0000 Exception <a 'java/lang/NoSuchMethodError'{0x000000008ccfc5c8}: <clinit>> (0x000000008ccfc5c8) thrown at [./src/hotspot/share/prims/jni.cpp, line 1362]
Event: 1057.007 Thread 0x0000026fed1b0000 Exception <a 'java/lang/NoSuchMethodError'{0x000000008cb53cb0}: <clinit>> (0x000000008cb53cb0) thrown at [./src/hotspot/share/prims/jni.cpp, line 1362]
Event: 1057.009 Thread 0x0000026fed1b0000 Exception <a 'java/lang/NoSuchMethodError'{0x000000008cb85af8}: <clinit>> (0x000000008cb85af8) thrown at [./src/hotspot/share/prims/jni.cpp, line 1362]
Event: 1057.009 Thread 0x0000026fed1b0000 Exception <a 'java/lang/NoSuchMethodError'{0x000000008cb88f60}: <clinit>> (0x000000008cb88f60) thrown at [./src/hotspot/share/prims/jni.cpp, line 1362]
Event: 1057.009 Thread 0x0000026fed1b0000 Exception <a 'java/lang/NoSuchMethodError'{0x000000008cb8bbd0}: <clinit>> (0x000000008cb8bbd0) thrown at [./src/hotspot/share/prims/jni.cpp, line 1362]
Event: 1057.010 Thread 0x0000026fed1b0000 Exception <a 'java/lang/NoSuchMethodError'{0x000000008cba3be0}: <clinit>> (0x000000008cba3be0) thrown at [./src/hotspot/share/prims/jni.cpp, line 1362]
Event: 1057.011 Thread 0x0000026fed1b0000 Exception <a 'java/lang/NoSuchMethodError'{0x000000008cbbaf00}: <clinit>> (0x000000008cbbaf00) thrown at [./src/hotspot/share/prims/jni.cpp, line 1362]
Event: 1057.011 Thread 0x0000026fed1b0000 Exception <a 'java/lang/NoSuchMethodError'{0x000000008cbcf980}: <clinit>> (0x000000008cbcf980) thrown at [./src/hotspot/share/prims/jni.cpp, line 1362]
Event: 1057.014 Thread 0x0000026fed1b0000 Exception <a 'java/lang/NoSuchMethodError'{0x000000008cbf2d68}: <clinit>> (0x000000008cbf2d68) thrown at [./src/hotspot/share/prims/jni.cpp, line 1362]
Event: 1057.016 Thread 0x0000026fed1b0000 Exception <a 'java/lang/NoSuchMethodError'{0x000000008ca18638}: <clinit>> (0x000000008ca18638) thrown at [./src/hotspot/share/prims/jni.cpp, line 1362]
Event: 1057.017 Thread 0x0000026fed1b0000 Exception <a 'java/lang/NoSuchMethodError'{0x000000008ca2cbf8}: <clinit>> (0x000000008ca2cbf8) thrown at [./src/hotspot/share/prims/jni.cpp, line 1362]

Events (20 events):
Event: 1058.829 Thread 0x0000026fea508000 flushing nmethod 0x0000026fd3a50d10
Event: 1058.829 Thread 0x0000026fea508000 flushing nmethod 0x0000026fd3a52210
Event: 1058.829 Thread 0x0000026fea508000 flushing nmethod 0x0000026fd3a58910
Event: 1058.829 Thread 0x0000026fea508000 flushing nmethod 0x0000026fd3a5cd10
Event: 1058.829 Thread 0x0000026fea508000 flushing nmethod 0x0000026fd3a5d710
Event: 1058.829 Thread 0x0000026fea508000 flushing nmethod 0x0000026fd3a5eb90
Event: 1058.830 Thread 0x0000026fea508000 flushing nmethod 0x0000026fd3a67510
Event: 1058.830 Thread 0x0000026fea508000 flushing nmethod 0x0000026fd3a71210
Event: 1058.830 Thread 0x0000026fea508000 flushing nmethod 0x0000026fd3a73d10
Event: 1058.830 Thread 0x0000026fea508000 flushing nmethod 0x0000026fd3a76390
Event: 1058.830 Thread 0x0000026fea508000 flushing nmethod 0x0000026fd3a78990
Event: 1058.830 Thread 0x0000026fea508000 flushing nmethod 0x0000026fd3a78d10
Event: 1058.830 Thread 0x0000026fea508000 flushing nmethod 0x0000026fd3a7cc10
Event: 1058.830 Thread 0x0000026fea508000 flushing nmethod 0x0000026fd3a7d390
Event: 1058.830 Thread 0x0000026fea508000 flushing nmethod 0x0000026fd3a7ea10
Event: 1058.830 Thread 0x0000026fea508000 flushing nmethod 0x0000026fd3a7fb10
Event: 1058.830 Thread 0x0000026fea508000 flushing nmethod 0x0000026fd3a81310
Event: 1058.830 Thread 0x0000026fea508000 flushing nmethod 0x0000026fd3a84110
Event: 1058.830 Thread 0x0000026fea508000 flushing nmethod 0x0000026fd3a89890
Event: 1058.830 Thread 0x0000026fea508000 flushing nmethod 0x0000026fd3a8a310


Dynamic libraries:
0x00007ff7fdda0000 - 0x00007ff7fddaa000 	C:\Program Files\Android\Android Studio\jre\bin\java.exe
0x00007ffdcbf70000 - 0x00007ffdcc165000 	C:\Windows\SYSTEM32\ntdll.dll
0x00007ffdcb9d0000 - 0x00007ffdcba8d000 	C:\Windows\System32\KERNEL32.DLL
0x00007ffdc9aa0000 - 0x00007ffdc9d69000 	C:\Windows\System32\KERNELBASE.dll
0x00007ffdc9870000 - 0x00007ffdc9970000 	C:\Windows\System32\ucrtbase.dll
0x00007ffdbeca0000 - 0x00007ffdbecb9000 	C:\Program Files\Android\Android Studio\jre\bin\jli.dll
0x00007ffdbfab0000 - 0x00007ffdbfac7000 	C:\Program Files\Android\Android Studio\jre\bin\VCRUNTIME140.dll
0x00007ffdcadf0000 - 0x00007ffdcaf90000 	C:\Windows\System32\USER32.dll
0x00007ffdc97e0000 - 0x00007ffdc9802000 	C:\Windows\System32\win32u.dll
0x00007ffdb48b0000 - 0x00007ffdb4b4a000 	C:\Windows\WinSxS\amd64_microsoft.windows.common-controls_6595b64144ccf1df_6.0.19041.1110_none_60b5254171f9507e\COMCTL32.dll
0x00007ffdca670000 - 0x00007ffdca69a000 	C:\Windows\System32\GDI32.dll
0x00007ffdcb8a0000 - 0x00007ffdcb93e000 	C:\Windows\System32\msvcrt.dll
0x00007ffdc96a0000 - 0x00007ffdc97ab000 	C:\Windows\System32\gdi32full.dll
0x00007ffdc9a00000 - 0x00007ffdc9a9d000 	C:\Windows\System32\msvcp_win.dll
0x00007ffdcb9a0000 - 0x00007ffdcb9d0000 	C:\Windows\System32\IMM32.DLL
0x00007ffda9760000 - 0x00007ffda97fd000 	C:\Program Files\Android\Android Studio\jre\bin\msvcp140.dll
0x00007ffd72e60000 - 0x00007ffd7392f000 	C:\Program Files\Android\Android Studio\jre\bin\server\jvm.dll
0x00007ffdca820000 - 0x00007ffdca8cc000 	C:\Windows\System32\ADVAPI32.dll
0x00007ffdcb6d0000 - 0x00007ffdcb76b000 	C:\Windows\System32\sechost.dll
0x00007ffdcacc0000 - 0x00007ffdcadea000 	C:\Windows\System32\RPCRT4.dll
0x00007ffdc9fd0000 - 0x00007ffdc9fd8000 	C:\Windows\System32\PSAPI.DLL
0x00007ffdafd10000 - 0x00007ffdafd37000 	C:\Windows\SYSTEM32\WINMM.dll
0x00007ffdb7df0000 - 0x00007ffdb7dfa000 	C:\Windows\SYSTEM32\VERSION.dll
0x00007ffdabac0000 - 0x00007ffdabac9000 	C:\Windows\SYSTEM32\WSOCK32.dll
0x00007ffdca7b0000 - 0x00007ffdca81b000 	C:\Windows\System32\WS2_32.dll
0x00007ffdc7f30000 - 0x00007ffdc7f42000 	C:\Windows\SYSTEM32\kernel.appcore.dll
0x00007ffdbfd70000 - 0x00007ffdbfd81000 	C:\Program Files\Android\Android Studio\jre\bin\verify.dll
0x00007ffdc3890000 - 0x00007ffdc3a74000 	C:\Windows\SYSTEM32\DBGHELP.DLL
0x00007ffdaaa40000 - 0x00007ffdaaa6c000 	C:\Windows\SYSTEM32\dbgcore.DLL
0x00007ffdc9970000 - 0x00007ffdc99f3000 	C:\Windows\System32\bcryptPrimitives.dll
0x00007ffdbfd40000 - 0x00007ffdbfd69000 	C:\Program Files\Android\Android Studio\jre\bin\java.dll
0x00007ffdc2b10000 - 0x00007ffdc2b1b000 	C:\Program Files\Android\Android Studio\jre\bin\jimage.dll
0x00007ffdbfd20000 - 0x00007ffdbfd38000 	C:\Program Files\Android\Android Studio\jre\bin\zip.dll
0x00007ffdcaf90000 - 0x00007ffdcb6cf000 	C:\Windows\System32\SHELL32.dll
0x00007ffdc7450000 - 0x00007ffdc7be0000 	C:\Windows\SYSTEM32\windows.storage.dll
0x00007ffdca310000 - 0x00007ffdca665000 	C:\Windows\System32\combase.dll
0x00007ffdc9090000 - 0x00007ffdc90bc000 	C:\Windows\SYSTEM32\Wldp.dll
0x00007ffdcaa00000 - 0x00007ffdcaaae000 	C:\Windows\System32\SHCORE.dll
0x00007ffdcb940000 - 0x00007ffdcb995000 	C:\Windows\System32\shlwapi.dll
0x00007ffdc95e0000 - 0x00007ffdc95ff000 	C:\Windows\SYSTEM32\profapi.dll
0x00007ffdbfd00000 - 0x00007ffdbfd1a000 	C:\Program Files\Android\Android Studio\jre\bin\net.dll
0x00007ffdc0f40000 - 0x00007ffdc1048000 	C:\Windows\SYSTEM32\WINHTTP.dll
0x00007ffdc8d90000 - 0x00007ffdc8dfa000 	C:\Windows\system32\mswsock.dll
0x00007ffdbfce0000 - 0x00007ffdbfcf4000 	C:\Program Files\Android\Android Studio\jre\bin\nio.dll
0x00007ffdb6ab0000 - 0x00007ffdb6ad7000 	C:\Users\noam\.gradle\native\8bec1ad78214c89d9ad589b4d07fe93259594b29d510b10fafb7a158f7737e5d\windows-amd64\native-platform.dll
0x00007ffd9def0000 - 0x00007ffd9e02d000 	C:\Users\noam\.gradle\native\53dbd7edfb1c66fb8903c78663c9afc45aea4f116125fa6feffd364cf09443e8\windows-amd64\native-platform-file-events.dll
0x00007ffdc1820000 - 0x00007ffdc182a000 	C:\Program Files\Android\Android Studio\jre\bin\management.dll
0x00007ffdbfcd0000 - 0x00007ffdbfcdc000 	C:\Program Files\Android\Android Studio\jre\bin\management_ext.dll
0x00007ffdc8f80000 - 0x00007ffdc8f98000 	C:\Windows\SYSTEM32\CRYPTSP.dll
0x00007ffdc8710000 - 0x00007ffdc8744000 	C:\Windows\system32\rsaenh.dll
0x00007ffdc97b0000 - 0x00007ffdc97d7000 	C:\Windows\System32\bcrypt.dll
0x00007ffdc9560000 - 0x00007ffdc958e000 	C:\Windows\SYSTEM32\USERENV.dll
0x00007ffdc8fa0000 - 0x00007ffdc8fac000 	C:\Windows\SYSTEM32\CRYPTBASE.dll
0x00007ffdc8a80000 - 0x00007ffdc8abb000 	C:\Windows\SYSTEM32\IPHLPAPI.DLL
0x00007ffdca1f0000 - 0x00007ffdca1f8000 	C:\Windows\System32\NSI.dll
0x00007ffdbf8e0000 - 0x00007ffdbf8f7000 	C:\Windows\SYSTEM32\dhcpcsvc6.DLL
0x00007ffdbf8b0000 - 0x00007ffdbf8cd000 	C:\Windows\SYSTEM32\dhcpcsvc.DLL
0x00007ffdc8ac0000 - 0x00007ffdc8b8c000 	C:\Windows\SYSTEM32\DNSAPI.dll
0x00007ffdbed00000 - 0x00007ffdbed27000 	C:\Program Files\Android\Android Studio\jre\bin\sunec.dll
0x00007ffdbd720000 - 0x00007ffdbd72a000 	C:\Windows\System32\rasadhlp.dll
0x00007ffdbcf50000 - 0x00007ffdbcfcf000 	C:\Windows\System32\fwpuclnt.dll
0x00007ffdc83a0000 - 0x00007ffdc83d3000 	C:\Windows\SYSTEM32\ntmarta.dll

dbghelp: loaded successfully - version: 4.0.5 - missing functions: none
symbol engine: initialized successfully - sym options: 0x614 - pdb path: .;C:\Program Files\Android\Android Studio\jre\bin;C:\Windows\SYSTEM32;C:\Windows\WinSxS\amd64_microsoft.windows.common-controls_6595b64144ccf1df_6.0.19041.1110_none_60b5254171f9507e;C:\Program Files\Android\Android Studio\jre\bin\server;C:\Users\noam\.gradle\native\8bec1ad78214c89d9ad589b4d07fe93259594b29d510b10fafb7a158f7737e5d\windows-amd64;C:\Users\noam\.gradle\native\53dbd7edfb1c66fb8903c78663c9afc45aea4f116125fa6feffd364cf09443e8\windows-amd64

VM Arguments:
jvm_args: --add-opens=java.base/java.util=ALL-UNNAMED --add-opens=java.base/java.lang=ALL-UNNAMED --add-opens=java.base/java.lang.invoke=ALL-UNNAMED --add-opens=java.base/java.util=ALL-UNNAMED --add-opens=java.prefs/java.util.prefs=ALL-UNNAMED --add-opens=java.prefs/java.util.prefs=ALL-UNNAMED --add-opens=java.base/java.nio.charset=ALL-UNNAMED --add-opens=java.base/java.net=ALL-UNNAMED --add-opens=java.base/java.util.concurrent.atomic=ALL-UNNAMED -Xmx2048m -Dfile.encoding=UTF-8 -Duser.country=US -Duser.language=en -Duser.variant 
java_command: org.gradle.launcher.daemon.bootstrap.GradleDaemon 7.0.2
java_class_path (initial): C:\Users\noam\.gradle\wrapper\dists\gradle-7.0.2-bin\857tjihv64xamwrf0h14cai3r\gradle-7.0.2\lib\gradle-launcher-7.0.2.jar
Launcher Type: SUN_STANDARD

[Global flags]
     intx CICompilerCount                          = 4                                         {product} {ergonomic}
     uint ConcGCThreads                            = 2                                         {product} {ergonomic}
     uint G1ConcRefinementThreads                  = 8                                         {product} {ergonomic}
   size_t G1HeapRegionSize                         = 1048576                                   {product} {ergonomic}
    uintx GCDrainStackTargetSize                   = 64                                        {product} {ergonomic}
   size_t InitialHeapSize                          = 132120576                                 {product} {ergonomic}
   size_t MarkStackSize                            = 4194304                                   {product} {ergonomic}
   size_t MaxHeapSize                              = 2147483648                                {product} {command line}
   size_t MaxNewSize                               = 1287651328                                {product} {ergonomic}
   size_t MinHeapDeltaBytes                        = 1048576                                   {product} {ergonomic}
    uintx NonNMethodCodeHeapSize                   = 5836300                                {pd product} {ergonomic}
    uintx NonProfiledCodeHeapSize                  = 122910970                              {pd product} {ergonomic}
    uintx ProfiledCodeHeapSize                     = 122910970                              {pd product} {ergonomic}
    uintx ReservedCodeCacheSize                    = 251658240                              {pd product} {ergonomic}
     bool SegmentedCodeCache                       = true                                      {product} {ergonomic}
     bool UseCompressedClassPointers               = true                                 {lp64_product} {ergonomic}
     bool UseCompressedOops                        = true                                 {lp64_product} {ergonomic}
     bool UseG1GC                                  = true                                      {product} {ergonomic}
     bool UseLargePagesIndividualAllocation        = false                                  {pd product} {ergonomic}

Logging:
Log output configuration:
 #0: stdout all=warning uptime,level,tags
 #1: stderr all=off uptime,level,tags

Environment Variables:
PATH=C:\Program Files\Common Files\Oracle\Java\javapath;C:\Windows\system32;C:\Windows;C:\Windows\System32\Wbem;C:\Windows\System32\WindowsPowerShell\v1.0\;C:\Windows\System32\OpenSSH\;C:\Users\noam\AppData\Local\Programs\Python;C:\Users\noam\AppData\Local\Microsoft\WindowsApps;C:\Program Files\JetBrains\IntelliJ IDEA 2021.1.1\bin;;C:\Users\noam\AppData\Local\JetBrains\PyCharm 2021.1.2\bin;;C:\Program Files\JetBrains\CLion 2021.1.2\bin;;
USERNAME=noam
OS=Windows_NT
PROCESSOR_IDENTIFIER=Intel64 Family 6 Model 126 Stepping 5, GenuineIntel



---------------  S Y S T E M  ---------------

OS: Windows 10 , 64 bit Build 19041 (10.0.19041.1151)
OS uptime: 0 days 15:19 hours

CPU:total 8 (initial active 8) (4 cores per cpu, 2 threads per core) family 6 model 126 stepping 5 microcode 0xa6, cmov, cx8, fxsr, mmx, sse, sse2, sse3, ssse3, sse4.1, sse4.2, popcnt, avx, avx2, aes, clmul, erms, 3dnowpref, lzcnt, ht, tsc, tscinvbit, bmi1, bmi2, adx, evex, sha, fma

Memory: 4k page, system-wide physical 7967M (20M free)
TotalPageFile size 10015M (AvailPageFile size 0M)
current process WorkingSet (physical memory assigned to process): 396M, peak: 555M
current process commit charge ("private bytes"): 594M, peak: 597M

vm_info: OpenJDK 64-Bit Server VM (11.0.10+0-b96-7249189) for windows-amd64 JRE (11.0.10+0-b96-7249189), built on Mar 31 2021 21:44:00 by "builder" with MS VC++ 14.0 (VS2015)

END.
